Using pre-set license
Built from '6000.0/staging' branch; Version is '6000.0.23f1 (1c4764c07fb4) revision 1853284'; Using compiler version '193933523'; Build Type 'Release'
OS: 'Windows 10  (10.0.19045) 64bit Professional' Language: 'es' Physical Memory: 16311 MB
BatchMode: 1, IsHumanControllingUs: 0, StartBugReporterOnCrash: 0, Is64bit: 1, IsPro: 1

COMMAND LINE ARGUMENTS:
C:\Program Files\Unity\Hub\Editor\6000.0.23f1\Editor\Unity.exe
-adb2
-batchMode
-noUpm
-name
AssetImportWorker8
-projectPath
G:/Proyectos/Vigil/Vigil
-logFile
Logs/AssetImportWorker8.log
-srvPort
60991
-job-worker-count
9
-background-job-worker-count
8
-asset-garbage-collectors
1
Successfully changed project path to: G:/Proyectos/Vigil/Vigil
G:/Proyectos/Vigil/Vigil
[UnityMemory] Configuration Parameters - Can be set up in boot.config
    "memorysetup-bucket-allocator-granularity=16"
    "memorysetup-bucket-allocator-bucket-count=8"
    "memorysetup-bucket-allocator-block-size=33554432"
    "memorysetup-bucket-allocator-block-count=8"
    "memorysetup-main-allocator-block-size=16777216"
    "memorysetup-thread-allocator-block-size=16777216"
    "memorysetup-gfx-main-allocator-block-size=16777216"
    "memorysetup-gfx-thread-allocator-block-size=16777216"
    "memorysetup-cache-allocator-block-size=4194304"
    "memorysetup-typetree-allocator-block-size=2097152"
    "memorysetup-profiler-bucket-allocator-granularity=16"
    "memorysetup-profiler-bucket-allocator-bucket-count=8"
    "memorysetup-profiler-bucket-allocator-block-size=33554432"
    "memorysetup-profiler-bucket-allocator-block-count=8"
    "memorysetup-profiler-allocator-block-size=16777216"
    "memorysetup-profiler-editor-allocator-block-size=1048576"
    "memorysetup-temp-allocator-size-main=16777216"
    "memorysetup-job-temp-allocator-block-size=2097152"
    "memorysetup-job-temp-allocator-block-size-background=1048576"
    "memorysetup-job-temp-allocator-reduction-small-platforms=262144"
    "memorysetup-allocator-temp-initial-block-size-main=262144"
    "memorysetup-allocator-temp-initial-block-size-worker=262144"
    "memorysetup-temp-allocator-size-background-worker=32768"
    "memorysetup-temp-allocator-size-job-worker=262144"
    "memorysetup-temp-allocator-size-preload-manager=33554432"
    "memorysetup-temp-allocator-size-nav-mesh-worker=65536"
    "memorysetup-temp-allocator-size-audio-worker=65536"
    "memorysetup-temp-allocator-size-cloud-worker=32768"
    "memorysetup-temp-allocator-size-gi-baking-worker=262144"
    "memorysetup-temp-allocator-size-gi-baking-worker=262144"
    "memorysetup-temp-allocator-size-gi-baking-worker=262144"
    "memorysetup-temp-allocator-size-gi-baking-worker=262144"
    "memorysetup-temp-allocator-size-gi-baking-worker=262144"
    "memorysetup-temp-allocator-size-gfx=262144"
Player connection [11720]  Target information:

Player connection [11720]  * "[IP] 192.168.1.64 [Port] 0 [Flags] 2 [Guid] 3684050283 [EditorId] 3684050283 [Version] 1048832 [Id] WindowsEditor(7,DESKTOP-JND5JB5) [Debug] 1 [PackageName] WindowsEditor [ProjectName] Editor" 

Player connection [11720]  * "[IP] 192.168.56.1 [Port] 0 [Flags] 2 [Guid] 3684050283 [EditorId] 3684050283 [Version] 1048832 [Id] WindowsEditor(7,DESKTOP-JND5JB5) [Debug] 1 [PackageName] WindowsEditor [ProjectName] Editor" 

Player connection [11720] Host joined multi-casting on [225.0.0.222:54997]...
Player connection [11720] Host joined alternative multi-casting on [225.0.0.222:34997]...
JobSystem: Creating JobQueue using job-worker-count value 9
[Physics::Module] Initialized fallback backend.
[Physics::Module] Id: 0xdecafbad
Library Redirect Path: Library/
Refreshing native plugins compatible for Editor in 2.73 ms, found 4 plugins.
Preloading 0 native plugins for Editor in 0.00 ms.
Initialize engine version: 6000.0.23f1 (1c4764c07fb4)
[Subsystems] Discovering subsystems at path C:/Program Files/Unity/Hub/Editor/6000.0.23f1/Editor/Data/Resources/UnitySubsystems
[Subsystems] Discovering subsystems at path G:/Proyectos/Vigil/Vigil/Assets
GfxDevice: creating device client; kGfxThreadingModeNonThreaded
Direct3D:
    Version:  Direct3D 11.0 [level 11.1]
    Renderer: NVIDIA GeForce GTX 1650 SUPER (ID=0x2187)
    Vendor:   NVIDIA
    VRAM:     3930 MB
    Driver:   31.0.15.5244
Initialize mono
Mono path[0] = 'C:/Program Files/Unity/Hub/Editor/6000.0.23f1/Editor/Data/Managed'
Mono path[1] = 'C:/Program Files/Unity/Hub/Editor/6000.0.23f1/Editor/Data/MonoBleedingEdge/lib/mono/unityjit-win32'
Mono config path = 'C:/Program Files/Unity/Hub/Editor/6000.0.23f1/Editor/Data/MonoBleedingEdge/etc'
Using monoOptions --debugger-agent=transport=dt_socket,embedding=1,server=y,suspend=n,address=127.0.0.1:56704
Begin MonoManager ReloadAssembly
Registering precompiled unity dll's ...
Register platform support module: C:/Program Files/Unity/Hub/Editor/6000.0.23f1/Editor/Data/PlaybackEngines/WebGLSupport/UnityEditor.WebGL.Extensions.dll
Register platform support module: C:/Program Files/Unity/Hub/Editor/6000.0.23f1/Editor/Data/PlaybackEngines/WindowsStandaloneSupport/UnityEditor.WindowsStandalone.Extensions.dll
Register platform support module: C:/Program Files/Unity/Hub/Editor/6000.0.23f1/Editor/Data/PlaybackEngines/MetroSupport/UnityEditor.UWP.Extensions.dll
Registered in 0.007414 seconds.
- Loaded All Assemblies, in  0.516 seconds
Native extension for UWP target not found
Native extension for WindowsStandalone target not found
Native extension for WebGL target not found
Mono: successfully reloaded assembly
- Finished resetting the current domain, in  0.435 seconds
Domain Reload Profiling: 948ms
	BeginReloadAssembly (184ms)
		ExecutionOrderSort (0ms)
		DisableScriptedObjects (0ms)
		BackupInstance (0ms)
		ReleaseScriptingObjects (0ms)
		CreateAndSetChildDomain (1ms)
	RebuildCommonClasses (47ms)
	RebuildNativeTypeToScriptingClass (15ms)
	initialDomainReloadingComplete (74ms)
	LoadAllAssembliesAndSetupDomain (192ms)
		LoadAssemblies (181ms)
		RebuildTransferFunctionScriptingTraits (0ms)
		AnalyzeDomain (188ms)
			TypeCache.Refresh (185ms)
				TypeCache.ScanAssembly (167ms)
			BuildScriptInfoCaches (0ms)
			ResolveRequiredComponents (1ms)
	FinalizeReload (436ms)
		ReleaseScriptCaches (0ms)
		RebuildScriptCaches (0ms)
		SetupLoadedEditorAssemblies (377ms)
			LogAssemblyErrors (0ms)
			InitializePlatformSupportModulesInManaged (35ms)
			SetLoadedEditorAssemblies (9ms)
			BeforeProcessingInitializeOnLoad (14ms)
			ProcessInitializeOnLoadAttributes (238ms)
			ProcessInitializeOnLoadMethodAttributes (77ms)
			AfterProcessingInitializeOnLoad (4ms)
			EditorAssembliesLoaded (0ms)
		ExecutionOrderSort2 (0ms)
		AwakeInstancesAfterBackupRestoration (0ms)
Assembly reference Packages/com.unity.cinemachine/Editor/Samples/ExposeHDRPInternals/HDRP-Editor-ref.asmref has no target assembly definition
========================================================================
Worker process is ready to serve import requests
Import Worker Mode flag is 0x00
Assembly reference Packages/com.unity.cinemachine/Editor/Samples/ExposeHDRPInternals/HDRP-Editor-ref.asmref has no target assembly definition
Assembly reference Packages/com.unity.cinemachine/Editor/Samples/ExposeHDRPInternals/HDRP-Editor-ref.asmref has no target assembly definition
Begin MonoManager ReloadAssembly
- Loaded All Assemblies, in  1.370 seconds
Assembly reference Packages/com.unity.cinemachine/Editor/Samples/ExposeHDRPInternals/HDRP-Editor-ref.asmref has no target assembly definition
'Packages/com.unity.cinemachine/Editor/Obsolete/CinemachineVirtualCameraBaseEditor.cs' contains partial class of Unity.Object, exactly 1 of the partial classes needs to be in a file with the same filename. This is to know the one that can be referenced from ie. GameObjects
'Packages/com.unity.cinemachine/Editor/Editors/CinemachineVirtualCameraBaseEditor.cs' contains partial class of Unity.Object, exactly 1 of the partial classes needs to be in a file with the same filename. This is to know the one that can be referenced from ie. GameObjects
Refreshing native plugins compatible for Editor in 1.51 ms, found 4 plugins.
Native extension for UWP target not found
Native extension for WindowsStandalone target not found
Native extension for WebGL target not found
Assembly reference Packages/com.unity.cinemachine/Editor/Samples/ExposeHDRPInternals/HDRP-Editor-ref.asmref has no target assembly definition
Package Manager log level set to [2]
[Package Manager] Failed to launch server process. Reason: Unity was launched with the -noUpm command-line argument
[Package Manager] Unable to send message (not connected to server process).
[Package Manager] Cannot connect to Unity Package Manager local server
Mono: successfully reloaded assembly
- Finished resetting the current domain, in  1.078 seconds
Domain Reload Profiling: 2444ms
	BeginReloadAssembly (511ms)
		ExecutionOrderSort (0ms)
		DisableScriptedObjects (8ms)
		BackupInstance (0ms)
		ReleaseScriptingObjects (0ms)
		CreateAndSetChildDomain (38ms)
	RebuildCommonClasses (43ms)
	RebuildNativeTypeToScriptingClass (15ms)
	initialDomainReloadingComplete (48ms)
	LoadAllAssembliesAndSetupDomain (747ms)
		LoadAssemblies (484ms)
		RebuildTransferFunctionScriptingTraits (0ms)
		AnalyzeDomain (399ms)
			TypeCache.Refresh (265ms)
				TypeCache.ScanAssembly (237ms)
			BuildScriptInfoCaches (112ms)
			ResolveRequiredComponents (18ms)
	FinalizeReload (1079ms)
		ReleaseScriptCaches (0ms)
		RebuildScriptCaches (0ms)
		SetupLoadedEditorAssemblies (783ms)
			LogAssemblyErrors (0ms)
			InitializePlatformSupportModulesInManaged (4ms)
			SetLoadedEditorAssemblies (6ms)
			BeforeProcessingInitializeOnLoad (95ms)
			ProcessInitializeOnLoadAttributes (546ms)
			ProcessInitializeOnLoadMethodAttributes (119ms)
			AfterProcessingInitializeOnLoad (12ms)
			EditorAssembliesLoaded (0ms)
		ExecutionOrderSort2 (0ms)
		AwakeInstancesAfterBackupRestoration (11ms)
Launched and connected shader compiler UnityShaderCompiler.exe after 0.01 seconds
Refreshing native plugins compatible for Editor in 1.45 ms, found 4 plugins.
Preloading 0 native plugins for Editor in 0.00 ms.
Unloading 241 Unused Serialized files (Serialized files now loaded: 0)
Unloading 7591 unused Assets / (5.8 MB). Loaded Objects now: 8411.
Memory consumption went from 230.7 MB to 224.9 MB.
Total: 13.277600 ms (FindLiveObjects: 1.046300 ms CreateObjectMapping: 1.812600 ms MarkObjects: 5.771900 ms  DeleteObjects: 4.645600 ms)

========================================================================
Received Import Request.
  Time since last request: 12368.405298 seconds.
  path: Assets/Art/Sprites/Presente/Objetos/Pinturas.png
  artifactKey: Guid(87e0b612d08cfa749843e02aaead915c) Importer(815301076,1909f56bfc062723c751e8b465ee728b)
Start importing Assets/Art/Sprites/Presente/Objetos/Pinturas.png using Guid(87e0b612d08cfa749843e02aaead915c) Importer(815301076,1909f56bfc062723c751e8b465ee728b) (PreviewImporter) -> (artifact id: 'feda764e61141713fb6efbb22e30a47c') in 0.1132198 seconds
Number of updated asset objects reloaded before import = 0Number of asset objects unloaded after import = 5

========================================================================
Received Import Request.
  Time since last request: 0.000019 seconds.
  path: Assets/Art/Sprites/Pasado/Quimi/Quime Pasado_Mesa de trabajo 1 copia 8.png
  artifactKey: Guid(e7f45e392f4a5444285a69b485cd4164) Importer(815301076,1909f56bfc062723c751e8b465ee728b)
Start importing Assets/Art/Sprites/Pasado/Quimi/Quime Pasado_Mesa de trabajo 1 copia 8.png using Guid(e7f45e392f4a5444285a69b485cd4164) Importer(815301076,1909f56bfc062723c751e8b465ee728b) (PreviewImporter) -> (artifact id: 'dfc09fa06425327e8c1a5f724e06d951') in 0.0140527 seconds
Number of updated asset objects reloaded before import = 0Number of asset objects unloaded after import = 3

========================================================================
Received Import Request.
  Time since last request: 0.000023 seconds.
  path: Assets/Art/Sprites/Pasado/Quimi/Subsuelo/Quime Subsuelo_Mesa de trabajo 1 copia 6.svg
  artifactKey: Guid(9b63c927ab60a794e931d08d68cba020) Importer(815301076,1909f56bfc062723c751e8b465ee728b)
Start importing Assets/Art/Sprites/Pasado/Quimi/Subsuelo/Quime Subsuelo_Mesa de trabajo 1 copia 6.svg using Guid(9b63c927ab60a794e931d08d68cba020) Importer(815301076,1909f56bfc062723c751e8b465ee728b) (PreviewImporter) -> (artifact id: '8af63fbac0954464aa4551cc493d965e') in 0.4805769 seconds
Number of updated asset objects reloaded before import = 0Number of asset objects unloaded after import = 7

========================================================================
Received Import Request.
  Time since last request: 121.844053 seconds.
  path: Assets/Art/Sprites/Presente/NPCs/Hall 4 presente - bartender FR 1.png
  artifactKey: Guid(4e6945750ed96084889fbc6024eb7521) Importer(815301076,1909f56bfc062723c751e8b465ee728b)
Start importing Assets/Art/Sprites/Presente/NPCs/Hall 4 presente - bartender FR 1.png using Guid(4e6945750ed96084889fbc6024eb7521) Importer(815301076,1909f56bfc062723c751e8b465ee728b) (PreviewImporter) -> (artifact id: '972fab4d090cc9f2124c689aaa15f1bd') in 0.1738104 seconds
Number of updated asset objects reloaded before import = 0Number of asset objects unloaded after import = 3

========================================================================
Received Import Request.
  Time since last request: 0.000041 seconds.
  path: Assets/Art/Animations/Personas y sus animaciones/Hall 4 presente - bartender FR 2.svg
  artifactKey: Guid(3d0e6430717b2e9448b5161c9da352d1) Importer(815301076,1909f56bfc062723c751e8b465ee728b)
Start importing Assets/Art/Animations/Personas y sus animaciones/Hall 4 presente - bartender FR 2.svg using Guid(3d0e6430717b2e9448b5161c9da352d1) Importer(815301076,1909f56bfc062723c751e8b465ee728b) (PreviewImporter) -> (artifact id: 'ea518a37dab458a5f20c3b285aadb817') in 0.0109898 seconds
Number of updated asset objects reloaded before import = 0Number of asset objects unloaded after import = 7

========================================================================
Received Import Request.
  Time since last request: 0.000038 seconds.
  path: Assets/Art/Sprites/Presente/NPCs/Hall 4 presente - bartender FR 1.svg
  artifactKey: Guid(6c95273202f7dc74f8e58a17f0dcc069) Importer(815301076,1909f56bfc062723c751e8b465ee728b)
Start importing Assets/Art/Sprites/Presente/NPCs/Hall 4 presente - bartender FR 1.svg using Guid(6c95273202f7dc74f8e58a17f0dcc069) Importer(815301076,1909f56bfc062723c751e8b465ee728b) (PreviewImporter) -> (artifact id: '1c35902cf70be6b555d8c3721fcc8e04') in 0.010696 seconds
Number of updated asset objects reloaded before import = 0Number of asset objects unloaded after import = 7

========================================================================
Received Import Request.
  Time since last request: 0.000027 seconds.
  path: Assets/Art/Sprites/Presente/NPCs/Hall 4 presente - bartender FR 2.svg
  artifactKey: Guid(2ae72bd8ee991f24897d33b0e4fcd6cf) Importer(815301076,1909f56bfc062723c751e8b465ee728b)
Start importing Assets/Art/Sprites/Presente/NPCs/Hall 4 presente - bartender FR 2.svg using Guid(2ae72bd8ee991f24897d33b0e4fcd6cf) Importer(815301076,1909f56bfc062723c751e8b465ee728b) (PreviewImporter) -> (artifact id: '107e3dc1cf0d6732086d4ccd0d368eb1') in 0.0111468 seconds
Number of updated asset objects reloaded before import = 0Number of asset objects unloaded after import = 7

========================================================================
Received Import Request.
  Time since last request: 11.360563 seconds.
  path: Assets/Art/Animations/Personas y sus animaciones/Hall 4 presente - Cliente 1, mesa 3 - FR 1.svg
  artifactKey: Guid(0e88733c6d2f92f4c93fe0667e66627c) Importer(815301076,1909f56bfc062723c751e8b465ee728b)
Start importing Assets/Art/Animations/Personas y sus animaciones/Hall 4 presente - Cliente 1, mesa 3 - FR 1.svg using Guid(0e88733c6d2f92f4c93fe0667e66627c) Importer(815301076,1909f56bfc062723c751e8b465ee728b) (PreviewImporter) -> (artifact id: '266b06f4ecedc1e46a1d494d222d2af0') in 0.0134 seconds
Number of updated asset objects reloaded before import = 0Number of asset objects unloaded after import = 7

========================================================================
Received Import Request.
  Time since last request: 0.000030 seconds.
  path: Assets/Art/Sprites/Presente/NPCs/Hall 4 presente - Cliente 2, mesa 3 - FR 2.svg
  artifactKey: Guid(6440058548206a44eb1f94f757850536) Importer(815301076,1909f56bfc062723c751e8b465ee728b)
Start importing Assets/Art/Sprites/Presente/NPCs/Hall 4 presente - Cliente 2, mesa 3 - FR 2.svg using Guid(6440058548206a44eb1f94f757850536) Importer(815301076,1909f56bfc062723c751e8b465ee728b) (PreviewImporter) -> (artifact id: '1a860abfd4b4d5e045f5e65b22613257') in 0.0116598 seconds
Number of updated asset objects reloaded before import = 0Number of asset objects unloaded after import = 7

========================================================================
Received Import Request.
  Time since last request: 0.000030 seconds.
  path: Assets/Art/Animations/Personas y sus animaciones/Hall 4 presente - Cliente 2, mesa 3 - FR 2.svg
  artifactKey: Guid(cb913c36eddc1db4bb5f0b2ad7170ca9) Importer(815301076,1909f56bfc062723c751e8b465ee728b)
Start importing Assets/Art/Animations/Personas y sus animaciones/Hall 4 presente - Cliente 2, mesa 3 - FR 2.svg using Guid(cb913c36eddc1db4bb5f0b2ad7170ca9) Importer(815301076,1909f56bfc062723c751e8b465ee728b) (PreviewImporter) -> (artifact id: '5fc75970759b9191ec1269cfdd9b7699') in 0.0147199 seconds
Number of updated asset objects reloaded before import = 0Number of asset objects unloaded after import = 7

========================================================================
Received Import Request.
  Time since last request: 0.000057 seconds.
  path: Assets/Art/Sprites/Presente/NPCs/Hall 4 presente - Cliente 2, mesa 3 - FR 1.png
  artifactKey: Guid(6962d7311bcab6b40b57d798793936e8) Importer(815301076,1909f56bfc062723c751e8b465ee728b)
Start importing Assets/Art/Sprites/Presente/NPCs/Hall 4 presente - Cliente 2, mesa 3 - FR 1.png using Guid(6962d7311bcab6b40b57d798793936e8) Importer(815301076,1909f56bfc062723c751e8b465ee728b) (PreviewImporter) -> (artifact id: '9b930e03c0a57b33ea6398c75caee633') in 0.009775 seconds
Number of updated asset objects reloaded before import = 0Number of asset objects unloaded after import = 3

========================================================================
Received Import Request.
  Time since last request: 0.000027 seconds.
  path: Assets/Art/Sprites/Presente/NPCs/Hall 4 presente - Cliente 1, mesa 3 - FR 2.png
  artifactKey: Guid(b95f621f40bd1f749b2a64d6d9eed5eb) Importer(815301076,1909f56bfc062723c751e8b465ee728b)
Start importing Assets/Art/Sprites/Presente/NPCs/Hall 4 presente - Cliente 1, mesa 3 - FR 2.png using Guid(b95f621f40bd1f749b2a64d6d9eed5eb) Importer(815301076,1909f56bfc062723c751e8b465ee728b) (PreviewImporter) -> (artifact id: '2aa062552e7737683d44e19e398c307e') in 0.011991 seconds
Number of updated asset objects reloaded before import = 0Number of asset objects unloaded after import = 3

========================================================================
Received Import Request.
  Time since last request: 5.794932 seconds.
  path: Assets/Art/Sprites/Presente/NPCs/Hall 4 presente - Madre, mesa 1 - FR 1.svg
  artifactKey: Guid(d1547b35680e93540a4ea9052f6b124f) Importer(815301076,1909f56bfc062723c751e8b465ee728b)
Start importing Assets/Art/Sprites/Presente/NPCs/Hall 4 presente - Madre, mesa 1 - FR 1.svg using Guid(d1547b35680e93540a4ea9052f6b124f) Importer(815301076,1909f56bfc062723c751e8b465ee728b) (PreviewImporter) -> (artifact id: '76f0eb427954babd1649561d4c138bf3') in 0.0126081 seconds
Number of updated asset objects reloaded before import = 0Number of asset objects unloaded after import = 7

========================================================================
Received Import Request.
  Time since last request: 0.000031 seconds.
  path: Assets/Art/Sprites/Presente/NPCs/Hall 4 presente - Madre, mesa 1 - FR 2.svg
  artifactKey: Guid(f94a3df6e0e684d47b0a756c43acb0ce) Importer(815301076,1909f56bfc062723c751e8b465ee728b)
Start importing Assets/Art/Sprites/Presente/NPCs/Hall 4 presente - Madre, mesa 1 - FR 2.svg using Guid(f94a3df6e0e684d47b0a756c43acb0ce) Importer(815301076,1909f56bfc062723c751e8b465ee728b) (PreviewImporter) -> (artifact id: '902eb78571e0434793bf8b48d8317ecd') in 0.0103841 seconds
Number of updated asset objects reloaded before import = 0Number of asset objects unloaded after import = 7

========================================================================
Received Import Request.
  Time since last request: 18.478648 seconds.
  path: Assets/Art/Animations/Personas y sus animaciones/Hall 4 presente - Niño, mesa 1 - FR 1.svg
  artifactKey: Guid(86aa32ce136cf2148a62969fa5a1f1bf) Importer(815301076,1909f56bfc062723c751e8b465ee728b)
Start importing Assets/Art/Animations/Personas y sus animaciones/Hall 4 presente - Niño, mesa 1 - FR 1.svg using Guid(86aa32ce136cf2148a62969fa5a1f1bf) Importer(815301076,1909f56bfc062723c751e8b465ee728b) (PreviewImporter) -> (artifact id: '038bf3fe52ee96a1be1a7fe1495fabf9') in 0.0139592 seconds
Number of updated asset objects reloaded before import = 0Number of asset objects unloaded after import = 7

========================================================================
Received Import Request.
  Time since last request: 16.518611 seconds.
  path: Assets/Art/Sprites/Presente/Objetos/Hall 4 presente - mesa de taller 1.png
  artifactKey: Guid(8587d6c427f9e7744a3a2357a6119c65) Importer(815301076,1909f56bfc062723c751e8b465ee728b)
Start importing Assets/Art/Sprites/Presente/Objetos/Hall 4 presente - mesa de taller 1.png using Guid(8587d6c427f9e7744a3a2357a6119c65) Importer(815301076,1909f56bfc062723c751e8b465ee728b) (PreviewImporter) -> (artifact id: 'ce8b2ea57a627495c4a66cb473ef1df1') in 0.0132362 seconds
Number of updated asset objects reloaded before import = 0Number of asset objects unloaded after import = 3

========================================================================
Received Import Request.
  Time since last request: 0.000029 seconds.
  path: Assets/Art/Sprites/Presente/NPCs/Hall 4 presente - Padre, mesa 1 - FR 1.svg
  artifactKey: Guid(53389ea87ebea464792dc8b6001b7da0) Importer(815301076,1909f56bfc062723c751e8b465ee728b)
Start importing Assets/Art/Sprites/Presente/NPCs/Hall 4 presente - Padre, mesa 1 - FR 1.svg using Guid(53389ea87ebea464792dc8b6001b7da0) Importer(815301076,1909f56bfc062723c751e8b465ee728b) (PreviewImporter) -> (artifact id: '76c7587799cad069a190736997af1ba3') in 0.0110412 seconds
Number of updated asset objects reloaded before import = 0Number of asset objects unloaded after import = 7

========================================================================
Received Import Request.
  Time since last request: 0.000037 seconds.
  path: Assets/Art/Sprites/Pasado/Objetos/Nota constancio (Hall 4, espacio 1) (1).svg
  artifactKey: Guid(312abad72beb3904f9cace2b4981dff7) Importer(815301076,1909f56bfc062723c751e8b465ee728b)
Start importing Assets/Art/Sprites/Pasado/Objetos/Nota constancio (Hall 4, espacio 1) (1).svg using Guid(312abad72beb3904f9cace2b4981dff7) Importer(815301076,1909f56bfc062723c751e8b465ee728b) (PreviewImporter) -> (artifact id: 'c168844467de5591567b87b28f42a085') in 0.0127377 seconds
Number of updated asset objects reloaded before import = 0Number of asset objects unloaded after import = 7

========================================================================
Received Import Request.
  Time since last request: 0.000025 seconds.
  path: Assets/Art/Sprites/Presente/NPCs/Hall 4 presente - Padre, mesa 1 - FR 2.png
  artifactKey: Guid(1b04ea6fe7f622c419a37b2060cc6c0f) Importer(815301076,1909f56bfc062723c751e8b465ee728b)
Start importing Assets/Art/Sprites/Presente/NPCs/Hall 4 presente - Padre, mesa 1 - FR 2.png using Guid(1b04ea6fe7f622c419a37b2060cc6c0f) Importer(815301076,1909f56bfc062723c751e8b465ee728b) (PreviewImporter) -> (artifact id: '2ea625f7f42a5ee40e2a268e2d453f4a') in 0.0124668 seconds
Number of updated asset objects reloaded before import = 0Number of asset objects unloaded after import = 3

Editor requested this worker to shutdown with reason: Scaling down because of idle timeout
AssetImportWorker is now disconnected from the server
Process exiting
Exiting without the bug reporter. Application will terminate with return code 0