Using pre-set license
Built from '6000.0/staging' branch; Version is '6000.0.23f1 (1c4764c07fb4) revision 1853284'; Using compiler version '193933523'; Build Type 'Release'
OS: 'Windows 10  (10.0.19045) 64bit Professional' Language: 'es' Physical Memory: 16311 MB
BatchMode: 1, IsHumanControllingUs: 0, StartBugReporterOnCrash: 0, Is64bit: 1, IsPro: 1

COMMAND LINE ARGUMENTS:
C:\Program Files\Unity\Hub\Editor\6000.0.23f1\Editor\Unity.exe
-adb2
-batchMode
-noUpm
-name
AssetImportWorker4
-projectPath
G:/Proyectos/Vigil/Vigil
-logFile
Logs/AssetImportWorker4.log
-srvPort
52260
-job-worker-count
9
-background-job-worker-count
8
-asset-garbage-collectors
1
Successfully changed project path to: G:/Proyectos/Vigil/Vigil
G:/Proyectos/Vigil/Vigil
[UnityMemory] Configuration Parameters - Can be set up in boot.config
    "memorysetup-bucket-allocator-granularity=16"
    "memorysetup-bucket-allocator-bucket-count=8"
    "memorysetup-bucket-allocator-block-size=33554432"
    "memorysetup-bucket-allocator-block-count=8"
    "memorysetup-main-allocator-block-size=16777216"
    "memorysetup-thread-allocator-block-size=16777216"
    "memorysetup-gfx-main-allocator-block-size=16777216"
    "memorysetup-gfx-thread-allocator-block-size=16777216"
    "memorysetup-cache-allocator-block-size=4194304"
    "memorysetup-typetree-allocator-block-size=2097152"
    "memorysetup-profiler-bucket-allocator-granularity=16"
    "memorysetup-profiler-bucket-allocator-bucket-count=8"
    "memorysetup-profiler-bucket-allocator-block-size=33554432"
    "memorysetup-profiler-bucket-allocator-block-count=8"
    "memorysetup-profiler-allocator-block-size=16777216"
    "memorysetup-profiler-editor-allocator-block-size=1048576"
    "memorysetup-temp-allocator-size-main=16777216"
    "memorysetup-job-temp-allocator-block-size=2097152"
    "memorysetup-job-temp-allocator-block-size-background=1048576"
    "memorysetup-job-temp-allocator-reduction-small-platforms=262144"
    "memorysetup-allocator-temp-initial-block-size-main=262144"
    "memorysetup-allocator-temp-initial-block-size-worker=262144"
    "memorysetup-temp-allocator-size-background-worker=32768"
    "memorysetup-temp-allocator-size-job-worker=262144"
    "memorysetup-temp-allocator-size-preload-manager=33554432"
    "memorysetup-temp-allocator-size-nav-mesh-worker=65536"
    "memorysetup-temp-allocator-size-audio-worker=65536"
    "memorysetup-temp-allocator-size-cloud-worker=32768"
    "memorysetup-temp-allocator-size-gi-baking-worker=262144"
    "memorysetup-temp-allocator-size-gi-baking-worker=262144"
    "memorysetup-temp-allocator-size-gi-baking-worker=262144"
    "memorysetup-temp-allocator-size-gi-baking-worker=262144"
    "memorysetup-temp-allocator-size-gi-baking-worker=262144"
    "memorysetup-temp-allocator-size-gfx=262144"
Player connection [35020]  Target information:

Player connection [35020]  * "[IP] 192.168.1.64 [Port] 0 [Flags] 2 [Guid] 4028503814 [EditorId] 4028503814 [Version] 1048832 [Id] WindowsEditor(7,DESKTOP-JND5JB5) [Debug] 1 [PackageName] WindowsEditor [ProjectName] Editor" 

Player connection [35020]  * "[IP] 192.168.56.1 [Port] 0 [Flags] 2 [Guid] 4028503814 [EditorId] 4028503814 [Version] 1048832 [Id] WindowsEditor(7,DESKTOP-JND5JB5) [Debug] 1 [PackageName] WindowsEditor [ProjectName] Editor" 

Player connection [35020] Host joined multi-casting on [225.0.0.222:54997]...
Player connection [35020] Host joined alternative multi-casting on [225.0.0.222:34997]...
JobSystem: Creating JobQueue using job-worker-count value 9
[Physics::Module] Initialized fallback backend.
[Physics::Module] Id: 0xdecafbad
Library Redirect Path: Library/
Refreshing native plugins compatible for Editor in 2.75 ms, found 4 plugins.
Preloading 0 native plugins for Editor in 0.00 ms.
Initialize engine version: 6000.0.23f1 (1c4764c07fb4)
[Subsystems] Discovering subsystems at path C:/Program Files/Unity/Hub/Editor/6000.0.23f1/Editor/Data/Resources/UnitySubsystems
[Subsystems] Discovering subsystems at path G:/Proyectos/Vigil/Vigil/Assets
GfxDevice: creating device client; kGfxThreadingModeNonThreaded
Direct3D:
    Version:  Direct3D 11.0 [level 11.1]
    Renderer: NVIDIA GeForce GTX 1650 SUPER (ID=0x2187)
    Vendor:   NVIDIA
    VRAM:     3930 MB
    Driver:   31.0.15.5244
Initialize mono
Mono path[0] = 'C:/Program Files/Unity/Hub/Editor/6000.0.23f1/Editor/Data/Managed'
Mono path[1] = 'C:/Program Files/Unity/Hub/Editor/6000.0.23f1/Editor/Data/MonoBleedingEdge/lib/mono/unityjit-win32'
Mono config path = 'C:/Program Files/Unity/Hub/Editor/6000.0.23f1/Editor/Data/MonoBleedingEdge/etc'
Using monoOptions --debugger-agent=transport=dt_socket,embedding=1,server=y,suspend=n,address=127.0.0.1:56424
Begin MonoManager ReloadAssembly
Registering precompiled unity dll's ...
Register platform support module: C:/Program Files/Unity/Hub/Editor/6000.0.23f1/Editor/Data/PlaybackEngines/WebGLSupport/UnityEditor.WebGL.Extensions.dll
Register platform support module: C:/Program Files/Unity/Hub/Editor/6000.0.23f1/Editor/Data/PlaybackEngines/WindowsStandaloneSupport/UnityEditor.WindowsStandalone.Extensions.dll
Register platform support module: C:/Program Files/Unity/Hub/Editor/6000.0.23f1/Editor/Data/PlaybackEngines/MetroSupport/UnityEditor.UWP.Extensions.dll
Registered in 0.010584 seconds.
- Loaded All Assemblies, in  0.437 seconds
Native extension for UWP target not found
Native extension for WindowsStandalone target not found
Native extension for WebGL target not found
Mono: successfully reloaded assembly
- Finished resetting the current domain, in  0.375 seconds
Domain Reload Profiling: 808ms
	BeginReloadAssembly (144ms)
		ExecutionOrderSort (0ms)
		DisableScriptedObjects (0ms)
		BackupInstance (0ms)
		ReleaseScriptingObjects (0ms)
		CreateAndSetChildDomain (1ms)
	RebuildCommonClasses (36ms)
	RebuildNativeTypeToScriptingClass (13ms)
	initialDomainReloadingComplete (60ms)
	LoadAllAssembliesAndSetupDomain (179ms)
		LoadAssemblies (140ms)
		RebuildTransferFunctionScriptingTraits (0ms)
		AnalyzeDomain (175ms)
			TypeCache.Refresh (174ms)
				TypeCache.ScanAssembly (156ms)
			BuildScriptInfoCaches (0ms)
			ResolveRequiredComponents (0ms)
	FinalizeReload (375ms)
		ReleaseScriptCaches (0ms)
		RebuildScriptCaches (0ms)
		SetupLoadedEditorAssemblies (331ms)
			LogAssemblyErrors (0ms)
			InitializePlatformSupportModulesInManaged (26ms)
			SetLoadedEditorAssemblies (5ms)
			BeforeProcessingInitializeOnLoad (8ms)
			ProcessInitializeOnLoadAttributes (195ms)
			ProcessInitializeOnLoadMethodAttributes (95ms)
			AfterProcessingInitializeOnLoad (2ms)
			EditorAssembliesLoaded (0ms)
		ExecutionOrderSort2 (0ms)
		AwakeInstancesAfterBackupRestoration (0ms)
Assembly reference Packages/com.unity.cinemachine/Editor/Samples/ExposeHDRPInternals/HDRP-Editor-ref.asmref has no target assembly definition
========================================================================
Worker process is ready to serve import requests
Import Worker Mode flag is 0x00
Assembly reference Packages/com.unity.cinemachine/Editor/Samples/ExposeHDRPInternals/HDRP-Editor-ref.asmref has no target assembly definition
Assembly reference Packages/com.unity.cinemachine/Editor/Samples/ExposeHDRPInternals/HDRP-Editor-ref.asmref has no target assembly definition
Begin MonoManager ReloadAssembly
- Loaded All Assemblies, in  2.616 seconds
Assembly reference Packages/com.unity.cinemachine/Editor/Samples/ExposeHDRPInternals/HDRP-Editor-ref.asmref has no target assembly definition
'Packages/com.unity.cinemachine/Editor/Obsolete/CinemachineVirtualCameraBaseEditor.cs' contains partial class of Unity.Object, exactly 1 of the partial classes needs to be in a file with the same filename. This is to know the one that can be referenced from ie. GameObjects
'Packages/com.unity.cinemachine/Editor/Editors/CinemachineVirtualCameraBaseEditor.cs' contains partial class of Unity.Object, exactly 1 of the partial classes needs to be in a file with the same filename. This is to know the one that can be referenced from ie. GameObjects
Refreshing native plugins compatible for Editor in 1.34 ms, found 4 plugins.
Native extension for UWP target not found
Native extension for WindowsStandalone target not found
Native extension for WebGL target not found
Assembly reference Packages/com.unity.cinemachine/Editor/Samples/ExposeHDRPInternals/HDRP-Editor-ref.asmref has no target assembly definition
Package Manager log level set to [2]
[Package Manager] Failed to launch server process. Reason: Unity was launched with the -noUpm command-line argument
[Package Manager] Unable to send message (not connected to server process).
[Package Manager] Cannot connect to Unity Package Manager local server
Assertion failed on expression: '!AssetDatabase::IsAssetImportWorkerProcess()'
0x00007ffcaff0616d (Unity) StackWalker::ShowCallstack
0x00007ffcaff16129 (Unity) PlatformStacktrace::GetStacktrace
0x00007ffcb117f76e (Unity) Stacktrace::GetStacktrace
0x00007ffcb1727faf (Unity) DebugStringToFile
0x00007ffcb1727b6a (Unity) AssertImplementation
0x00007ffcb136a5e5 (Unity) InvokeCustomDependenciesCallbacks
0x00007ffcb137a831 (Unity) StopAssetImportingV2Internal
0x00007ffcb13582d7 (Unity) DeleteAssetsV2
0x00007ffcb1321db4 (Unity) AssetDatabase::DeleteAssetsCommon
0x00007ffcb1321a50 (Unity) AssetDatabase::DeleteAsset
0x00007ffcaf405ba0 (Unity) AssetDatabase_CUSTOM_DeleteAsset
0x00000239064850ba (Mono JIT Code) (wrapper managed-to-native) UnityEditor.AssetDatabase:DeleteAsset_Injected (UnityEngine.Bindings.ManagedSpanWrapper&)
0x0000023906484f93 (Mono JIT Code) UnityEditor.AssetDatabase:DeleteAsset (string)
0x0000023906483e7b (Mono JIT Code) AddressablesPlayerBuildProcessor:RemovePlayerBuildLinkXML (UnityEditor.AddressableAssets.Settings.AddressableAssetSettings) (at ./Library/PackageCache/com.unity.addressables/Editor/Build/AddressablesPlayerBuildProcessor.cs:47)
0x0000023906483ddb (Mono JIT Code) AddressablesPlayerBuildProcessor:CleanTemporaryPlayerBuildData () (at ./Library/PackageCache/com.unity.addressables/Editor/Build/AddressablesPlayerBuildProcessor.cs:40)
0x00000238faa80f53 (Mono JIT Code) (wrapper runtime-invoke) object:runtime_invoke_void (object,intptr,intptr,intptr)
0x00007ffcf28b697e (mono-2.0-bdwgc) mono_jit_runtime_invoke (at C:/build/output/Unity-Technologies/mono/mono/mini/mini-runtime.c:3445)
0x00007ffcf27f8444 (mono-2.0-bdwgc) do_runtime_invoke (at C:/build/output/Unity-Technologies/mono/mono/metadata/object.c:3068)
0x00007ffcf27ff4d6 (mono-2.0-bdwgc) mono_runtime_try_invoke_array (at C:/build/output/Unity-Technologies/mono/mono/metadata/object.c:5770)
0x00007ffcf27319d1 (mono-2.0-bdwgc) ves_icall_InternalInvoke (at C:/build/output/Unity-Technologies/mono/mono/metadata/icall.c:4038)
0x00007ffcf2757c81 (mono-2.0-bdwgc) ves_icall_InternalInvoke_raw (at C:/build/output/Unity-Technologies/mono/mono/metadata/icall-def.h:692)
0x00000238fab1cf50 (Mono JIT Code) (wrapper managed-to-native) System.Reflection.RuntimeMethodInfo:InternalInvoke (System.Reflection.RuntimeMethodInfo,object,object[],System.Exception&)
0x00000238fab1bd7b (Mono JIT Code) System.Reflection.RuntimeMethodInfo:Invoke (object,System.Reflection.BindingFlags,System.Reflection.Binder,object[],System.Globalization.CultureInfo)
0x00000238faa47ffe (Mono JIT Code) System.Reflection.MethodBase:Invoke (object,object[])
0x00000239064604eb (Mono JIT Code) UnityEditor.EditorAssemblies:ProcessInitializeOnLoadMethodAttributes ()
0x00000238f9161355 (Mono JIT Code) (wrapper runtime-invoke) object:runtime_invoke_void (object,intptr,intptr,intptr)
0x00007ffcf28b697e (mono-2.0-bdwgc) mono_jit_runtime_invoke (at C:/build/output/Unity-Technologies/mono/mono/mini/mini-runtime.c:3445)
0x00007ffcf27f8444 (mono-2.0-bdwgc) do_runtime_invoke (at C:/build/output/Unity-Technologies/mono/mono/metadata/object.c:3068)
0x00007ffcf27f8530 (mono-2.0-bdwgc) mono_runtime_invoke (at C:/build/output/Unity-Technologies/mono/mono/metadata/object.c:3115)
0x00007ffcafe2a1a4 (Unity) scripting_method_invoke
0x00007ffcafe02073 (Unity) ScriptingInvocation::Invoke
0x00007ffcafdfd335 (Unity) ScriptingInvocation::Invoke<void>
0x00007ffcaff787cb (Unity) Scripting::UnityEditor::EditorAssembliesProxy::ProcessInitializeOnLoadMethodAttributes
0x00007ffcafdf89eb (Unity) MonoManager::SetupLoadedEditorAssemblies
0x00007ffcafdf003a (Unity) MonoManager::FinalizeReload
0x00007ffcb1324885 (Unity) ScriptingInitializer::FinalizeReload
0x00007ffcb1373bef (Unity) AssetImportWorkerClient::ReloadScriptingDomain
0x00007ffcb134e9f7 (Unity) <lambda_f96845ab1106210ce31769f863340c0d>::operator()
0x00007ffcb143103e (Unity) asio::detail::completion_handler<core::mutable_function<void __cdecl(void)>,asio::io_context::basic_executor_type<std::allocator<void>,0> >::do_complete
0x00007ffcb141e8ca (Unity) asio::detail::win_iocp_io_context::do_one
0x00007ffcb141fbfe (Unity) asio::detail::win_iocp_io_context::run
0x00007ffcb142f65c (Unity) IOService::Run
0x00007ffcb1377c66 (Unity) RunAssetImportWorkerClientV2
0x00007ffcb1377d2b (Unity) RunAssetImporterV2
0x00007ffcb0b84cb9 (Unity) Application::InitializeProject
0x00007ffcb1189da3 (Unity) UnityMain
0x00007ff66ef62fba (Unity) __scrt_common_main_seh
0x00007ffd743274b4 (KERNEL32) BaseThreadInitThunk
0x00007ffd760026a1 (ntdll) RtlUserThreadStart

Asset Pipeline Refresh (id=64d2b1009cd598941b0803e6203d2f4a): Total: 0.519 seconds - Initiated by StopAssetImportingV2(NoUpdateAssetOptions)
	Summary:
		Imports: total=0 (actual=0, local cache=0, cache server=0)
		Asset DB Process Time: managed=0 ms, native=0 ms
		Asset DB Callback time: managed=0 ms, native=519 ms
		Scripting: domain reloads=0, domain reload time=0 ms, compile time=0 ms, other=0 ms
		Project Asset Count: scripts=0, non-scripts=0
		Asset File Changes: new=0, changed=0, moved=0, deleted=0
		Scan Filter Count: 0
	InvokeCustomDependenciesCallbacks: 0.804ms
	InvokePackagesCallback: 0.000ms
	Untracked: 518.488ms

Mono: successfully reloaded assembly
- Finished resetting the current domain, in  1.899 seconds
Domain Reload Profiling: 4508ms
	BeginReloadAssembly (716ms)
		ExecutionOrderSort (0ms)
		DisableScriptedObjects (6ms)
		BackupInstance (0ms)
		ReleaseScriptingObjects (0ms)
		CreateAndSetChildDomain (32ms)
	RebuildCommonClasses (37ms)
	RebuildNativeTypeToScriptingClass (12ms)
	initialDomainReloadingComplete (44ms)
	LoadAllAssembliesAndSetupDomain (1799ms)
		LoadAssemblies (1601ms)
		RebuildTransferFunctionScriptingTraits (0ms)
		AnalyzeDomain (335ms)
			TypeCache.Refresh (232ms)
				TypeCache.ScanAssembly (204ms)
			BuildScriptInfoCaches (86ms)
			ResolveRequiredComponents (14ms)
	FinalizeReload (1899ms)
		ReleaseScriptCaches (0ms)
		RebuildScriptCaches (0ms)
		SetupLoadedEditorAssemblies (1390ms)
			LogAssemblyErrors (0ms)
			InitializePlatformSupportModulesInManaged (4ms)
			SetLoadedEditorAssemblies (4ms)
			BeforeProcessingInitializeOnLoad (92ms)
			ProcessInitializeOnLoadAttributes (562ms)
			ProcessInitializeOnLoadMethodAttributes (717ms)
			AfterProcessingInitializeOnLoad (11ms)
			EditorAssembliesLoaded (0ms)
		ExecutionOrderSort2 (0ms)
		AwakeInstancesAfterBackupRestoration (14ms)
Launched and connected shader compiler UnityShaderCompiler.exe after 0.02 seconds
Refreshing native plugins compatible for Editor in 1.53 ms, found 4 plugins.
Preloading 0 native plugins for Editor in 0.00 ms.
Unloading 27 Unused Serialized files (Serialized files now loaded: 0)
Unloading 7700 unused Assets / (5.6 MB). Loaded Objects now: 8537.
Memory consumption went from 181.5 MB to 176.0 MB.
Total: 14.780700 ms (FindLiveObjects: 1.290300 ms CreateObjectMapping: 1.826000 ms MarkObjects: 7.368100 ms  DeleteObjects: 4.295300 ms)

========================================================================
Received Import Request.
  Time since last request: 2005238.703334 seconds.
  path: Assets/TextMesh Pro/Examples & Extras/Resources/Fonts & Materials/Anton SDF - Sunny Days.mat
  artifactKey: Guid(6522f30e342599e4e9dd4cc2cc03c830) Importer(815301076,1909f56bfc062723c751e8b465ee728b)
Start importing Assets/TextMesh Pro/Examples & Extras/Resources/Fonts & Materials/Anton SDF - Sunny Days.mat using Guid(6522f30e342599e4e9dd4cc2cc03c830) Importer(815301076,1909f56bfc062723c751e8b465ee728b) (PreviewImporter) -> (artifact id: '1e3a267b9d0f0f4bb559af0b4b87ad28') in 0.645196 seconds
Number of updated asset objects reloaded before import = 0Number of asset objects unloaded after import = 4

========================================================================
Received Import Request.
  Time since last request: 0.000042 seconds.
  path: Assets/TextMesh Pro/Examples & Extras/Materials/Ground - Logo Scene.mat
  artifactKey: Guid(c719e38f25a9480abd2480ab621a2949) Importer(815301076,1909f56bfc062723c751e8b465ee728b)
Start importing Assets/TextMesh Pro/Examples & Extras/Materials/Ground - Logo Scene.mat using Guid(c719e38f25a9480abd2480ab621a2949) Importer(815301076,1909f56bfc062723c751e8b465ee728b) (PreviewImporter) -> (artifact id: '11eadbde8751ea88cb5dcbc74b39b2d3') in 0.04046 seconds
Number of updated asset objects reloaded before import = 0Number of asset objects unloaded after import = 2

========================================================================
Received Import Request.
  Time since last request: 0.962055 seconds.
  path: Assets/TextMesh Pro/Examples & Extras/Materials/Small Crate_diffuse.mat
  artifactKey: Guid(22262639920f43d6be32430e4e58350d) Importer(815301076,1909f56bfc062723c751e8b465ee728b)
Start importing Assets/TextMesh Pro/Examples & Extras/Materials/Small Crate_diffuse.mat using Guid(22262639920f43d6be32430e4e58350d) Importer(815301076,1909f56bfc062723c751e8b465ee728b) (PreviewImporter) -> (artifact id: '19bcb087d09989584484caa5fe42d714') in 0.0056976 seconds
Number of updated asset objects reloaded before import = 0Number of asset objects unloaded after import = 3

========================================================================
Received Prepare
Assembly reference Packages/com.unity.cinemachine/Editor/Samples/ExposeHDRPInternals/HDRP-Editor-ref.asmref has no target assembly definition
Assembly reference Packages/com.unity.cinemachine/Editor/Samples/ExposeHDRPInternals/HDRP-Editor-ref.asmref has no target assembly definition
Begin MonoManager ReloadAssembly
- Loaded All Assemblies, in  1.030 seconds
Assembly reference Packages/com.unity.cinemachine/Editor/Samples/ExposeHDRPInternals/HDRP-Editor-ref.asmref has no target assembly definition
'Packages/com.unity.cinemachine/Editor/Obsolete/CinemachineVirtualCameraBaseEditor.cs' contains partial class of Unity.Object, exactly 1 of the partial classes needs to be in a file with the same filename. This is to know the one that can be referenced from ie. GameObjects
'Packages/com.unity.cinemachine/Editor/Editors/CinemachineVirtualCameraBaseEditor.cs' contains partial class of Unity.Object, exactly 1 of the partial classes needs to be in a file with the same filename. This is to know the one that can be referenced from ie. GameObjects
Refreshing native plugins compatible for Editor in 1.88 ms, found 4 plugins.
Native extension for UWP target not found
Native extension for WindowsStandalone target not found
Native extension for WebGL target not found
Assembly reference Packages/com.unity.cinemachine/Editor/Samples/ExposeHDRPInternals/HDRP-Editor-ref.asmref has no target assembly definition
[Package Manager] Failed to launch server process. Reason: Unity was launched with the -noUpm command-line argument
[Package Manager] Unable to send message (not connected to server process).
[Package Manager] Cannot connect to Unity Package Manager local server
Assertion failed on expression: '!AssetDatabase::IsAssetImportWorkerProcess()'
0x00007ffcaff0616d (Unity) StackWalker::ShowCallstack
0x00007ffcaff16129 (Unity) PlatformStacktrace::GetStacktrace
0x00007ffcb117f76e (Unity) Stacktrace::GetStacktrace
0x00007ffcb1727faf (Unity) DebugStringToFile
0x00007ffcb1727b6a (Unity) AssertImplementation
0x00007ffcb136a5e5 (Unity) InvokeCustomDependenciesCallbacks
0x00007ffcb137a831 (Unity) StopAssetImportingV2Internal
0x00007ffcb13582d7 (Unity) DeleteAssetsV2
0x00007ffcb1321db4 (Unity) AssetDatabase::DeleteAssetsCommon
0x00007ffcb1321a50 (Unity) AssetDatabase::DeleteAsset
0x00007ffcaf405ba0 (Unity) AssetDatabase_CUSTOM_DeleteAsset
0x00000238f526ff3a (Mono JIT Code) (wrapper managed-to-native) UnityEditor.AssetDatabase:DeleteAsset_Injected (UnityEngine.Bindings.ManagedSpanWrapper&)
0x00000238f526fe13 (Mono JIT Code) UnityEditor.AssetDatabase:DeleteAsset (string)
0x00000238f526f13b (Mono JIT Code) AddressablesPlayerBuildProcessor:RemovePlayerBuildLinkXML (UnityEditor.AddressableAssets.Settings.AddressableAssetSettings) (at ./Library/PackageCache/com.unity.addressables/Editor/Build/AddressablesPlayerBuildProcessor.cs:47)
0x00000238f526f09b (Mono JIT Code) AddressablesPlayerBuildProcessor:CleanTemporaryPlayerBuildData () (at ./Library/PackageCache/com.unity.addressables/Editor/Build/AddressablesPlayerBuildProcessor.cs:40)
0x00000238f3ecb793 (Mono JIT Code) (wrapper runtime-invoke) object:runtime_invoke_void (object,intptr,intptr,intptr)
0x00007ffcf28b697e (mono-2.0-bdwgc) mono_jit_runtime_invoke (at C:/build/output/Unity-Technologies/mono/mono/mini/mini-runtime.c:3445)
0x00007ffcf27f8444 (mono-2.0-bdwgc) do_runtime_invoke (at C:/build/output/Unity-Technologies/mono/mono/metadata/object.c:3068)
0x00007ffcf27ff4d6 (mono-2.0-bdwgc) mono_runtime_try_invoke_array (at C:/build/output/Unity-Technologies/mono/mono/metadata/object.c:5770)
0x00007ffcf27319d1 (mono-2.0-bdwgc) ves_icall_InternalInvoke (at C:/build/output/Unity-Technologies/mono/mono/metadata/icall.c:4038)
0x00007ffcf2757c81 (mono-2.0-bdwgc) ves_icall_InternalInvoke_raw (at C:/build/output/Unity-Technologies/mono/mono/metadata/icall-def.h:692)
0x00000238fab1cf50 (Mono JIT Code) (wrapper managed-to-native) System.Reflection.RuntimeMethodInfo:InternalInvoke (System.Reflection.RuntimeMethodInfo,object,object[],System.Exception&)
0x00000238fab1bd7b (Mono JIT Code) System.Reflection.RuntimeMethodInfo:Invoke (object,System.Reflection.BindingFlags,System.Reflection.Binder,object[],System.Globalization.CultureInfo)
0x00000238f514415e (Mono JIT Code) System.Reflection.MethodBase:Invoke (object,object[])
0x00000238f5254bfb (Mono JIT Code) UnityEditor.EditorAssemblies:ProcessInitializeOnLoadMethodAttributes ()
0x0000023971101525 (Mono JIT Code) (wrapper runtime-invoke) object:runtime_invoke_void (object,intptr,intptr,intptr)
0x00007ffcf28b697e (mono-2.0-bdwgc) mono_jit_runtime_invoke (at C:/build/output/Unity-Technologies/mono/mono/mini/mini-runtime.c:3445)
0x00007ffcf27f8444 (mono-2.0-bdwgc) do_runtime_invoke (at C:/build/output/Unity-Technologies/mono/mono/metadata/object.c:3068)
0x00007ffcf27f8530 (mono-2.0-bdwgc) mono_runtime_invoke (at C:/build/output/Unity-Technologies/mono/mono/metadata/object.c:3115)
0x00007ffcafe2a1a4 (Unity) scripting_method_invoke
0x00007ffcafe02073 (Unity) ScriptingInvocation::Invoke
0x00007ffcafdfd335 (Unity) ScriptingInvocation::Invoke<void>
0x00007ffcaff787cb (Unity) Scripting::UnityEditor::EditorAssembliesProxy::ProcessInitializeOnLoadMethodAttributes
0x00007ffcafdf89eb (Unity) MonoManager::SetupLoadedEditorAssemblies
0x00007ffcafdf003a (Unity) MonoManager::FinalizeReload
0x00007ffcb1324885 (Unity) ScriptingInitializer::FinalizeReload
0x00007ffcb1373bef (Unity) AssetImportWorkerClient::ReloadScriptingDomain
0x00007ffcb134d75c (Unity) <lambda_94302c41bc55323db1fed16712a08587>::operator()
0x00007ffcb143103e (Unity) asio::detail::completion_handler<core::mutable_function<void __cdecl(void)>,asio::io_context::basic_executor_type<std::allocator<void>,0> >::do_complete
0x00007ffcb141e8ca (Unity) asio::detail::win_iocp_io_context::do_one
0x00007ffcb141fc34 (Unity) asio::detail::win_iocp_io_context::run
0x00007ffcb142f65c (Unity) IOService::Run
0x00007ffcb1377c66 (Unity) RunAssetImportWorkerClientV2
0x00007ffcb1377d2b (Unity) RunAssetImporterV2
0x00007ffcb0b84cb9 (Unity) Application::InitializeProject
0x00007ffcb1189da3 (Unity) UnityMain
0x00007ff66ef62fba (Unity) __scrt_common_main_seh
0x00007ffd743274b4 (KERNEL32) BaseThreadInitThunk
0x00007ffd760026a1 (ntdll) RtlUserThreadStart

Asset Pipeline Refresh (id=e8b096318305c26488f9057da6d79e94): Total: 0.002 seconds - Initiated by StopAssetImportingV2(NoUpdateAssetOptions)
Mono: successfully reloaded assembly
- Finished resetting the current domain, in  1.136 seconds
Domain Reload Profiling: 2166ms
	BeginReloadAssembly (273ms)
		ExecutionOrderSort (0ms)
		DisableScriptedObjects (31ms)
		BackupInstance (0ms)
		ReleaseScriptingObjects (0ms)
		CreateAndSetChildDomain (70ms)
	RebuildCommonClasses (38ms)
	RebuildNativeTypeToScriptingClass (14ms)
	initialDomainReloadingComplete (34ms)
	LoadAllAssembliesAndSetupDomain (671ms)
		LoadAssemblies (512ms)
		RebuildTransferFunctionScriptingTraits (0ms)
		AnalyzeDomain (280ms)
			TypeCache.Refresh (14ms)
				TypeCache.ScanAssembly (0ms)
			BuildScriptInfoCaches (247ms)
			ResolveRequiredComponents (16ms)
	FinalizeReload (1136ms)
		ReleaseScriptCaches (0ms)
		RebuildScriptCaches (0ms)
		SetupLoadedEditorAssemblies (787ms)
			LogAssemblyErrors (0ms)
			InitializePlatformSupportModulesInManaged (5ms)
			SetLoadedEditorAssemblies (5ms)
			BeforeProcessingInitializeOnLoad (89ms)
			ProcessInitializeOnLoadAttributes (587ms)
			ProcessInitializeOnLoadMethodAttributes (90ms)
			AfterProcessingInitializeOnLoad (11ms)
			EditorAssembliesLoaded (0ms)
		ExecutionOrderSort2 (0ms)
		AwakeInstancesAfterBackupRestoration (19ms)
Refreshing native plugins compatible for Editor in 1.67 ms, found 4 plugins.
Preloading 0 native plugins for Editor in 0.00 ms.
Unloading 26 Unused Serialized files (Serialized files now loaded: 0)
Unloading 7698 unused Assets / (5.8 MB). Loaded Objects now: 8610.
Memory consumption went from 185.7 MB to 179.9 MB.
Total: 14.794500 ms (FindLiveObjects: 1.585700 ms CreateObjectMapping: 2.106000 ms MarkObjects: 7.073900 ms  DeleteObjects: 4.028000 ms)

Prepare: number of updated asset objects reloaded= 0
========================================================================
Received Import Request.
  Time since last request: 433.910472 seconds.
  path: Assets/Scenes/Frente.unity
  artifactKey: Guid(a1adbc34247f431478a2da503253083f) Importer(815301076,1909f56bfc062723c751e8b465ee728b)
Start importing Assets/Scenes/Frente.unity using Guid(a1adbc34247f431478a2da503253083f) Importer(815301076,1909f56bfc062723c751e8b465ee728b) (PreviewImporter) -> (artifact id: 'f1499e9a00e7283d31762d386fa49bf8') in 0.0173565 seconds
Number of updated asset objects reloaded before import = 1Number of asset objects unloaded after import = 0

========================================================================
Received Import Request.
  Time since last request: 23.100114 seconds.
  path: Assets/Scenes/Presente.unity
  artifactKey: Guid(7b408adee6119b541a4eaf9ad78baaba) Importer(815301076,1909f56bfc062723c751e8b465ee728b)
Start importing Assets/Scenes/Presente.unity using Guid(7b408adee6119b541a4eaf9ad78baaba) Importer(815301076,1909f56bfc062723c751e8b465ee728b) (PreviewImporter) -> (artifact id: '19756e641464dba5ce253be0cd67fea9') in 0.0004237 seconds
Number of updated asset objects reloaded before import = 0Number of asset objects unloaded after import = 0

========================================================================
Received Import Request.
  Time since last request: 411.213672 seconds.
  path: Assets/Art/Tilesets/Hall 1 Presente - Fondo.png
  artifactKey: Guid(49c7f722e1d51dc4eb3e8660700a963c) Importer(815301076,1909f56bfc062723c751e8b465ee728b)
Start importing Assets/Art/Tilesets/Hall 1 Presente - Fondo.png using Guid(49c7f722e1d51dc4eb3e8660700a963c) Importer(815301076,1909f56bfc062723c751e8b465ee728b) (PreviewImporter) -> (artifact id: 'c4ff2bdba26c7a62d97121299054cadd') in 0.0893733 seconds
Number of updated asset objects reloaded before import = 0Number of asset objects unloaded after import = 3

========================================================================
Received Import Request.
  Time since last request: 0.000045 seconds.
  path: Assets/Art/Tilesets/Pasillo Hall a Biblio Presente.png
  artifactKey: Guid(b015a5de7d6930b40882284bdca03298) Importer(815301076,1909f56bfc062723c751e8b465ee728b)
Start importing Assets/Art/Tilesets/Pasillo Hall a Biblio Presente.png using Guid(b015a5de7d6930b40882284bdca03298) Importer(815301076,1909f56bfc062723c751e8b465ee728b) (PreviewImporter) -> (artifact id: '6433249e7523e36c387669e269b1565f') in 0.0309102 seconds
Number of updated asset objects reloaded before import = 0Number of asset objects unloaded after import = 3

========================================================================
Received Import Request.
  Time since last request: 1.847421 seconds.
  path: Assets/Art/Sprites/Presente/Objetos (sin animacion)/Hall 1 presente - Silla 2.png
  artifactKey: Guid(b80d1a3b17bca6b49ab995ef28c1230c) Importer(815301076,1909f56bfc062723c751e8b465ee728b)
Start importing Assets/Art/Sprites/Presente/Objetos (sin animacion)/Hall 1 presente - Silla 2.png using Guid(b80d1a3b17bca6b49ab995ef28c1230c) Importer(815301076,1909f56bfc062723c751e8b465ee728b) (PreviewImporter) -> (artifact id: '62dbb8dae83d7f3f98f08c1333ba47b5') in 0.1088801 seconds
Number of updated asset objects reloaded before import = 0Number of asset objects unloaded after import = 3

========================================================================
Received Import Request.
  Time since last request: 0.000018 seconds.
  path: Assets/Art/Sprites/Presente/Objetos/Hall 2 presente - Casita de madera.png
  artifactKey: Guid(6568e7a48d240984582eac158e0f3c8d) Importer(815301076,1909f56bfc062723c751e8b465ee728b)
Start importing Assets/Art/Sprites/Presente/Objetos/Hall 2 presente - Casita de madera.png using Guid(6568e7a48d240984582eac158e0f3c8d) Importer(815301076,1909f56bfc062723c751e8b465ee728b) (PreviewImporter) -> (artifact id: 'a28610180b21237abe551e67e6748bde') in 0.047705 seconds
Number of updated asset objects reloaded before import = 0Number of asset objects unloaded after import = 3

========================================================================
Received Import Request.
  Time since last request: 2.234642 seconds.
  path: Assets/Art/Sprites/Presente/Objetos/Hall 3 presente - barra-hielo.png
  artifactKey: Guid(42ed197898e69e14ab2a14c273c1f4bd) Importer(815301076,1909f56bfc062723c751e8b465ee728b)
Start importing Assets/Art/Sprites/Presente/Objetos/Hall 3 presente - barra-hielo.png using Guid(42ed197898e69e14ab2a14c273c1f4bd) Importer(815301076,1909f56bfc062723c751e8b465ee728b) (PreviewImporter) -> (artifact id: '806b0577d3f010cb7145cf8e2995e238') in 0.0344343 seconds
Number of updated asset objects reloaded before import = 0Number of asset objects unloaded after import = 3

========================================================================
Received Import Request.
  Time since last request: 0.000015 seconds.
  path: Assets/Art/Sprites/Presente/Objetos/Top.png
  artifactKey: Guid(7abee2f20af31d748916abb18103c394) Importer(815301076,1909f56bfc062723c751e8b465ee728b)
Start importing Assets/Art/Sprites/Presente/Objetos/Top.png using Guid(7abee2f20af31d748916abb18103c394) Importer(815301076,1909f56bfc062723c751e8b465ee728b) (PreviewImporter) -> (artifact id: '81489fbe6d1bc38ac56fd64256ae9187') in 0.0349198 seconds
Number of updated asset objects reloaded before import = 0Number of asset objects unloaded after import = 3

========================================================================
Received Import Request.
  Time since last request: 2.444421 seconds.
  path: Assets/Art/Sprites/Presente/Objetos/Hall 3 presente - Mesa de bar chiquita 1.png
  artifactKey: Guid(bc95fe860aacd864396ec84c5aa4d2a8) Importer(815301076,1909f56bfc062723c751e8b465ee728b)
Start importing Assets/Art/Sprites/Presente/Objetos/Hall 3 presente - Mesa de bar chiquita 1.png using Guid(bc95fe860aacd864396ec84c5aa4d2a8) Importer(815301076,1909f56bfc062723c751e8b465ee728b) (PreviewImporter) -> (artifact id: '4e0bb152e0f6edb8075221b72ce45b78') in 0.045272 seconds
Number of updated asset objects reloaded before import = 0Number of asset objects unloaded after import = 3

========================================================================
Received Import Request.
  Time since last request: 0.000018 seconds.
  path: Assets/Art/Animations/Personas y sus animaciones/Hall 4 presente - Cliente 2, mesa 3 - FR 1.png
  artifactKey: Guid(7b592dc857f19904f845bcbe2b47fbf2) Importer(815301076,1909f56bfc062723c751e8b465ee728b)
Start importing Assets/Art/Animations/Personas y sus animaciones/Hall 4 presente - Cliente 2, mesa 3 - FR 1.png using Guid(7b592dc857f19904f845bcbe2b47fbf2) Importer(815301076,1909f56bfc062723c751e8b465ee728b) (PreviewImporter) -> (artifact id: '2468da5d5b9367872f533e6dda7db670') in 0.0702427 seconds
Number of updated asset objects reloaded before import = 0Number of asset objects unloaded after import = 3

========================================================================
Received Import Request.
  Time since last request: 0.000060 seconds.
  path: Assets/Art/Animations/Personas y sus animaciones/Hall 4 presente - Madre, mesa 1 - FR 1.png
  artifactKey: Guid(caa105a189c124347950cb26f56dfa3c) Importer(815301076,1909f56bfc062723c751e8b465ee728b)
Start importing Assets/Art/Animations/Personas y sus animaciones/Hall 4 presente - Madre, mesa 1 - FR 1.png using Guid(caa105a189c124347950cb26f56dfa3c) Importer(815301076,1909f56bfc062723c751e8b465ee728b) (PreviewImporter) -> (artifact id: '2484d12d6ec0b0227b28094cb924619c') in 0.0442566 seconds
Number of updated asset objects reloaded before import = 0Number of asset objects unloaded after import = 3

========================================================================
Received Import Request.
  Time since last request: 423.034116 seconds.
  path: Assets/Art/Sprites/Presente/Objetos/Hall 3 presente - Mesa de bar chiquita 2.png
  artifactKey: Guid(e800cca66d57d5642b3c8ee3da51e9a0) Importer(815301076,1909f56bfc062723c751e8b465ee728b)
Start importing Assets/Art/Sprites/Presente/Objetos/Hall 3 presente - Mesa de bar chiquita 2.png using Guid(e800cca66d57d5642b3c8ee3da51e9a0) Importer(815301076,1909f56bfc062723c751e8b465ee728b) (PreviewImporter) -> (artifact id: 'e8094c513233acc5a2c8c22105912c85') in 0.0315875 seconds
Number of updated asset objects reloaded before import = 1Number of asset objects unloaded after import = 3

========================================================================
Received Import Request.
  Time since last request: 0.000028 seconds.
  path: Assets/Art/Animations/Personas y sus animaciones/Hall 4 presente - bartender FR 2.png
  artifactKey: Guid(80bee572f6cffb7418953a70340f8d38) Importer(815301076,1909f56bfc062723c751e8b465ee728b)
Start importing Assets/Art/Animations/Personas y sus animaciones/Hall 4 presente - bartender FR 2.png using Guid(80bee572f6cffb7418953a70340f8d38) Importer(815301076,1909f56bfc062723c751e8b465ee728b) (PreviewImporter) -> (artifact id: '73a2d89774b008c85dfa36137f8c9e18') in 0.0297976 seconds
Number of updated asset objects reloaded before import = 0Number of asset objects unloaded after import = 3

========================================================================
Received Import Request.
  Time since last request: 3131.767222 seconds.
  path: Assets/Art/Sprites/Presente/Objetos/Hall 4 presente - mapa Rosario.png
  artifactKey: Guid(95b12787d8be7e64ba6ffb2ab0ea8a5a) Importer(815301076,1909f56bfc062723c751e8b465ee728b)
Start importing Assets/Art/Sprites/Presente/Objetos/Hall 4 presente - mapa Rosario.png using Guid(95b12787d8be7e64ba6ffb2ab0ea8a5a) Importer(815301076,1909f56bfc062723c751e8b465ee728b) (PreviewImporter) -> (artifact id: '54ebd6b9657bbca7af0f1fde3c1b7a04') in 0.1199013 seconds
Number of updated asset objects reloaded before import = 0Number of asset objects unloaded after import = 3

========================================================================
Received Import Request.
  Time since last request: 0.000033 seconds.
  path: Assets/Art/Sprites/Presente/Objetos/Hall 4 presente - mesa de taller 1.png
  artifactKey: Guid(8587d6c427f9e7744a3a2357a6119c65) Importer(815301076,1909f56bfc062723c751e8b465ee728b)
Start importing Assets/Art/Sprites/Presente/Objetos/Hall 4 presente - mesa de taller 1.png using Guid(8587d6c427f9e7744a3a2357a6119c65) Importer(815301076,1909f56bfc062723c751e8b465ee728b) (PreviewImporter) -> (artifact id: '7486b64826555d232e9ea54fb544c4bb') in 0.0109032 seconds
Number of updated asset objects reloaded before import = 0Number of asset objects unloaded after import = 3

========================================================================
Received Import Request.
  Time since last request: 0.000113 seconds.
  path: Assets/Art/Animations/Personas y sus animaciones/Hall 4 presente - Ni単o, mesa 1 - FR 1.png
  artifactKey: Guid(8c2a98a4837082442a144e2420b3773b) Importer(815301076,1909f56bfc062723c751e8b465ee728b)
Start importing Assets/Art/Animations/Personas y sus animaciones/Hall 4 presente - Ni単o, mesa 1 - FR 1.png using Guid(8c2a98a4837082442a144e2420b3773b) Importer(815301076,1909f56bfc062723c751e8b465ee728b) (PreviewImporter) -> (artifact id: '5a30f8d4086d77fa04d923a5a4efec6d') in 0.0105223 seconds
Number of updated asset objects reloaded before import = 0Number of asset objects unloaded after import = 3

========================================================================
Received Import Request.
  Time since last request: 0.000021 seconds.
  path: Assets/Art/Animations/Personas y sus animaciones/Hall 4 presente - Padre, mesa 1 - FR 1.png
  artifactKey: Guid(066e91f65e72f8b4db314dda9ba64e80) Importer(815301076,1909f56bfc062723c751e8b465ee728b)
Start importing Assets/Art/Animations/Personas y sus animaciones/Hall 4 presente - Padre, mesa 1 - FR 1.png using Guid(066e91f65e72f8b4db314dda9ba64e80) Importer(815301076,1909f56bfc062723c751e8b465ee728b) (PreviewImporter) -> (artifact id: '4c7226667b8f4e00c1a6e2ab8fa8284d') in 0.0122941 seconds
Number of updated asset objects reloaded before import = 0Number of asset objects unloaded after import = 3

========================================================================
Received Import Request.
  Time since last request: 0.000016 seconds.
  path: Assets/Art/Animations/Personas y sus animaciones/Hall 4 presente - Ni単o, mesa 1 - FR 2.png
  artifactKey: Guid(0cabcc85c55eb0a498dd56e902bb8bb1) Importer(815301076,1909f56bfc062723c751e8b465ee728b)
Start importing Assets/Art/Animations/Personas y sus animaciones/Hall 4 presente - Ni単o, mesa 1 - FR 2.png using Guid(0cabcc85c55eb0a498dd56e902bb8bb1) Importer(815301076,1909f56bfc062723c751e8b465ee728b) (PreviewImporter) -> (artifact id: '8f73083879fa4d295fbcd9e082b6afe5') in 0.0315893 seconds
Number of updated asset objects reloaded before import = 0Number of asset objects unloaded after import = 3

========================================================================
Received Import Request.
  Time since last request: 0.000039 seconds.
  path: Assets/Art/Sprites/Presente/Objetos comunes del presente (sillas, mesas basicas))/Presente silla atras.png
  artifactKey: Guid(0abf42c6a3a16ca4e9a0d8085e4461f0) Importer(815301076,1909f56bfc062723c751e8b465ee728b)
Start importing Assets/Art/Sprites/Presente/Objetos comunes del presente (sillas, mesas basicas))/Presente silla atras.png using Guid(0abf42c6a3a16ca4e9a0d8085e4461f0) Importer(815301076,1909f56bfc062723c751e8b465ee728b) (PreviewImporter) -> (artifact id: '4f4d85f0821c8bac17a09fb85e4fd641') in 0.0203974 seconds
Number of updated asset objects reloaded before import = 0Number of asset objects unloaded after import = 3

========================================================================
Received Import Request.
  Time since last request: 0.000017 seconds.
  path: Assets/Art/Sprites/Presente/Objetos comunes del presente (sillas, mesas basicas))/Presente silla frente.png
  artifactKey: Guid(2b210f1cf6987424cb494e22a94bda0e) Importer(815301076,1909f56bfc062723c751e8b465ee728b)
Start importing Assets/Art/Sprites/Presente/Objetos comunes del presente (sillas, mesas basicas))/Presente silla frente.png using Guid(2b210f1cf6987424cb494e22a94bda0e) Importer(815301076,1909f56bfc062723c751e8b465ee728b) (PreviewImporter) -> (artifact id: 'be7cda54050a2e8d994f14906b0926aa') in 0.0098626 seconds
Number of updated asset objects reloaded before import = 0Number of asset objects unloaded after import = 3

========================================================================
Received Import Request.
  Time since last request: 0.000027 seconds.
  path: Assets/Art/Sprites/Presente/Objetos comunes del presente (sillas, mesas basicas))/presente silla izq.png
  artifactKey: Guid(1d22a3da6d893804c88789a9e34fdec9) Importer(815301076,1909f56bfc062723c751e8b465ee728b)
Start importing Assets/Art/Sprites/Presente/Objetos comunes del presente (sillas, mesas basicas))/presente silla izq.png using Guid(1d22a3da6d893804c88789a9e34fdec9) Importer(815301076,1909f56bfc062723c751e8b465ee728b) (PreviewImporter) -> (artifact id: 'b7e469da1770ebd736b7b80bcac29c8d') in 0.0412076 seconds
Number of updated asset objects reloaded before import = 0Number of asset objects unloaded after import = 3

========================================================================
Received Import Request.
  Time since last request: 0.000018 seconds.
  path: Assets/Art/Sprites/Pasado/Quimi/Quime Pasado - B EST.png
  artifactKey: Guid(96f146ffe0e38a846841b4890765834d) Importer(815301076,1909f56bfc062723c751e8b465ee728b)
Start importing Assets/Art/Sprites/Pasado/Quimi/Quime Pasado - B EST.png using Guid(96f146ffe0e38a846841b4890765834d) Importer(815301076,1909f56bfc062723c751e8b465ee728b) (PreviewImporter) -> (artifact id: '9074c157e74b2e3d4cf57738ddfff289') in 0.1717286 seconds
Number of updated asset objects reloaded before import = 0Number of asset objects unloaded after import = 3

========================================================================
Received Import Request.
  Time since last request: 54.692725 seconds.
  path: Assets/Art/Animations/Personas y sus animaciones/Hall 4 presente - Cliente 2, mesa 3 - FR 2.png
  artifactKey: Guid(2aa9cc761c8f72f44ae1b923ee32d659) Importer(815301076,1909f56bfc062723c751e8b465ee728b)
Start importing Assets/Art/Animations/Personas y sus animaciones/Hall 4 presente - Cliente 2, mesa 3 - FR 2.png using Guid(2aa9cc761c8f72f44ae1b923ee32d659) Importer(815301076,1909f56bfc062723c751e8b465ee728b) (PreviewImporter) -> (artifact id: 'b42beb962369212105d5ad5be2f6bc6f') in 0.0091819 seconds
Number of updated asset objects reloaded before import = 0Number of asset objects unloaded after import = 3

========================================================================
Received Import Request.
  Time since last request: 0.000016 seconds.
  path: Assets/Art/Animations/Personas y sus animaciones/Hall 4 presente - Madre, mesa 1 - FR 2.png
  artifactKey: Guid(50a0423e01925d6479ac86ceffc20075) Importer(815301076,1909f56bfc062723c751e8b465ee728b)
Start importing Assets/Art/Animations/Personas y sus animaciones/Hall 4 presente - Madre, mesa 1 - FR 2.png using Guid(50a0423e01925d6479ac86ceffc20075) Importer(815301076,1909f56bfc062723c751e8b465ee728b) (PreviewImporter) -> (artifact id: '00f734fdcfe848d1b489cda004cdee7a') in 0.0121508 seconds
Number of updated asset objects reloaded before import = 0Number of asset objects unloaded after import = 3

========================================================================
Received Import Request.
  Time since last request: 131.617383 seconds.
  path: Assets/TextMesh Pro/Examples & Extras/Materials/Ground - Logo Scene.mat
  artifactKey: Guid(c719e38f25a9480abd2480ab621a2949) Importer(815301076,1909f56bfc062723c751e8b465ee728b)
Start importing Assets/TextMesh Pro/Examples & Extras/Materials/Ground - Logo Scene.mat using Guid(c719e38f25a9480abd2480ab621a2949) Importer(815301076,1909f56bfc062723c751e8b465ee728b) (PreviewImporter) -> (artifact id: '7f8023ea6159c2c2015ae415e190d874') in 0.5703426 seconds
Number of updated asset objects reloaded before import = 0Number of asset objects unloaded after import = 2

========================================================================
Received Import Request.
  Time since last request: 8.896525 seconds.
  path: Assets/TextMesh Pro/Examples & Extras/Resources/Fonts & Materials/Electronic Highway Sign SDF.asset
  artifactKey: Guid(dc36b3fdc14f47ebb36fd484a67e268a) Importer(815301076,1909f56bfc062723c751e8b465ee728b)
Start importing Assets/TextMesh Pro/Examples & Extras/Resources/Fonts & Materials/Electronic Highway Sign SDF.asset using Guid(dc36b3fdc14f47ebb36fd484a67e268a) Importer(815301076,1909f56bfc062723c751e8b465ee728b) (PreviewImporter) -> (artifact id: 'f77a8488ba69ca3e99cf71cd101cb306') in 0.1165824 seconds
Number of updated asset objects reloaded before import = 0Number of asset objects unloaded after import = 6

========================================================================
Received Import Request.
  Time since last request: 79.159672 seconds.
  path: Assets/Art/Tilesets/Hall 4 (espacio 1) version 1.svg
  artifactKey: Guid(154d1b150cc01974d8eb714499751755) Importer(815301076,1909f56bfc062723c751e8b465ee728b)
Start importing Assets/Art/Tilesets/Hall 4 (espacio 1) version 1.svg using Guid(154d1b150cc01974d8eb714499751755) Importer(815301076,1909f56bfc062723c751e8b465ee728b) (PreviewImporter) -> (artifact id: 'e46595aba7b9371aca711756873b5dd4') in 0.0289108 seconds
Number of updated asset objects reloaded before import = 0Number of asset objects unloaded after import = 3

========================================================================
Received Import Request.
  Time since last request: 28.192494 seconds.
  path: Assets/Art/Tilesets/Hall 2 (espacio 2).svg
  artifactKey: Guid(7582167728f384a4285d583213353847) Importer(815301076,1909f56bfc062723c751e8b465ee728b)
Start importing Assets/Art/Tilesets/Hall 2 (espacio 2).svg using Guid(7582167728f384a4285d583213353847) Importer(815301076,1909f56bfc062723c751e8b465ee728b) (PreviewImporter) -> (artifact id: 'a32eb4a4e292b416fff5b6584a166dd6') in 0.0133664 seconds
Number of updated asset objects reloaded before import = 0Number of asset objects unloaded after import = 3

========================================================================
Received Import Request.
  Time since last request: 18.439929 seconds.
  path: Assets/Art/Tilesets/Hall 1  (espacio 3).svg
  artifactKey: Guid(0f046cc78420fe04c9c04bf807fd0c7c) Importer(815301076,1909f56bfc062723c751e8b465ee728b)
Start importing Assets/Art/Tilesets/Hall 1  (espacio 3).svg using Guid(0f046cc78420fe04c9c04bf807fd0c7c) Importer(815301076,1909f56bfc062723c751e8b465ee728b) (PreviewImporter) -> (artifact id: '9b8e994f03186feb2ed41033e8999f0d') in 0.0096005 seconds
Number of updated asset objects reloaded before import = 0Number of asset objects unloaded after import = 3

========================================================================
Received Import Request.
  Time since last request: 18.755692 seconds.
  path: Assets/Art/Tilesets/Hall 3 (espacio 4).svg
  artifactKey: Guid(4a7c4cd020a436b448149d133403bdc1) Importer(815301076,1909f56bfc062723c751e8b465ee728b)
Start importing Assets/Art/Tilesets/Hall 3 (espacio 4).svg using Guid(4a7c4cd020a436b448149d133403bdc1) Importer(815301076,1909f56bfc062723c751e8b465ee728b) (PreviewImporter) -> (artifact id: '14efe9cb0d54087a422175eea170b71e') in 0.0104329 seconds
Number of updated asset objects reloaded before import = 0Number of asset objects unloaded after import = 3

========================================================================
Received Import Request.
  Time since last request: 50.527660 seconds.
  path: Assets/Art/Tilesets/Hall 4 (espacio 1) vr 2.svg
  artifactKey: Guid(b1c14c9d080acad45934c4501acf15dd) Importer(815301076,1909f56bfc062723c751e8b465ee728b)
Start importing Assets/Art/Tilesets/Hall 4 (espacio 1) vr 2.svg using Guid(b1c14c9d080acad45934c4501acf15dd) Importer(815301076,1909f56bfc062723c751e8b465ee728b) (PreviewImporter) -> (artifact id: '0f8451386db50e033e87908ab4e1eaa7') in 0.0210312 seconds
Number of updated asset objects reloaded before import = 0Number of asset objects unloaded after import = 3

========================================================================
Received Prepare
Assembly reference Packages/com.unity.cinemachine/Editor/Samples/ExposeHDRPInternals/HDRP-Editor-ref.asmref has no target assembly definition
Assembly reference Packages/com.unity.cinemachine/Editor/Samples/ExposeHDRPInternals/HDRP-Editor-ref.asmref has no target assembly definition
Begin MonoManager ReloadAssembly
- Loaded All Assemblies, in  1.136 seconds
Assembly reference Packages/com.unity.cinemachine/Editor/Samples/ExposeHDRPInternals/HDRP-Editor-ref.asmref has no target assembly definition
'Packages/com.unity.cinemachine/Editor/Obsolete/CinemachineVirtualCameraBaseEditor.cs' contains partial class of Unity.Object, exactly 1 of the partial classes needs to be in a file with the same filename. This is to know the one that can be referenced from ie. GameObjects
'Packages/com.unity.cinemachine/Editor/Editors/CinemachineVirtualCameraBaseEditor.cs' contains partial class of Unity.Object, exactly 1 of the partial classes needs to be in a file with the same filename. This is to know the one that can be referenced from ie. GameObjects
Refreshing native plugins compatible for Editor in 1.56 ms, found 4 plugins.
Native extension for UWP target not found
Native extension for WindowsStandalone target not found
Native extension for WebGL target not found
Assembly reference Packages/com.unity.cinemachine/Editor/Samples/ExposeHDRPInternals/HDRP-Editor-ref.asmref has no target assembly definition
[Package Manager] Failed to launch server process. Reason: Unity was launched with the -noUpm command-line argument
[Package Manager] Unable to send message (not connected to server process).
[Package Manager] Cannot connect to Unity Package Manager local server
Mono: successfully reloaded assembly
- Finished resetting the current domain, in  0.983 seconds
Domain Reload Profiling: 2120ms
	BeginReloadAssembly (369ms)
		ExecutionOrderSort (0ms)
		DisableScriptedObjects (31ms)
		BackupInstance (0ms)
		ReleaseScriptingObjects (1ms)
		CreateAndSetChildDomain (130ms)
	RebuildCommonClasses (37ms)
	RebuildNativeTypeToScriptingClass (13ms)
	initialDomainReloadingComplete (30ms)
	LoadAllAssembliesAndSetupDomain (687ms)
		LoadAssemblies (569ms)
		RebuildTransferFunctionScriptingTraits (0ms)
		AnalyzeDomain (263ms)
			TypeCache.Refresh (9ms)
				TypeCache.ScanAssembly (0ms)
			BuildScriptInfoCaches (235ms)
			ResolveRequiredComponents (15ms)
	FinalizeReload (984ms)
		ReleaseScriptCaches (0ms)
		RebuildScriptCaches (0ms)
		SetupLoadedEditorAssemblies (667ms)
			LogAssemblyErrors (0ms)
			InitializePlatformSupportModulesInManaged (3ms)
			SetLoadedEditorAssemblies (4ms)
			BeforeProcessingInitializeOnLoad (85ms)
			ProcessInitializeOnLoadAttributes (505ms)
			ProcessInitializeOnLoadMethodAttributes (61ms)
			AfterProcessingInitializeOnLoad (10ms)
			EditorAssembliesLoaded (0ms)
		ExecutionOrderSort2 (0ms)
		AwakeInstancesAfterBackupRestoration (16ms)
Refreshing native plugins compatible for Editor in 1.52 ms, found 4 plugins.
Preloading 0 native plugins for Editor in 0.00 ms.
Unloading 26 Unused Serialized files (Serialized files now loaded: 0)
Unloading 7698 unused Assets / (5.4 MB). Loaded Objects now: 8672.
Memory consumption went from 188.2 MB to 182.9 MB.
Total: 12.070700 ms (FindLiveObjects: 0.993200 ms CreateObjectMapping: 1.435200 ms MarkObjects: 6.358100 ms  DeleteObjects: 3.283100 ms)

Prepare: number of updated asset objects reloaded= 0
========================================================================
Received Import Request.
  Time since last request: 317.514324 seconds.
  path: Assets/Scenes/Presente.unity
  artifactKey: Guid(7b408adee6119b541a4eaf9ad78baaba) Importer(815301076,1909f56bfc062723c751e8b465ee728b)
Start importing Assets/Scenes/Presente.unity using Guid(7b408adee6119b541a4eaf9ad78baaba) Importer(815301076,1909f56bfc062723c751e8b465ee728b) (PreviewImporter) -> (artifact id: 'b244b7eed0a5ede8255583b2ca6374dc') in 0.0037934 seconds
Number of updated asset objects reloaded before import = 1Number of asset objects unloaded after import = 0

========================================================================
Received Import Request.
  Time since last request: 54.691058 seconds.
  path: Assets/Art/Tilesets/Hall 1 Presente - Fondo.svg
  artifactKey: Guid(8951a6652cde3de43b7025daa90f54b7) Importer(815301076,1909f56bfc062723c751e8b465ee728b)
Start importing Assets/Art/Tilesets/Hall 1 Presente - Fondo.svg using Guid(8951a6652cde3de43b7025daa90f54b7) Importer(815301076,1909f56bfc062723c751e8b465ee728b) (PreviewImporter) -> (artifact id: '27caea84517fe24ed1b77c870923de70') in 0.0690114 seconds
Number of updated asset objects reloaded before import = 0Number of asset objects unloaded after import = 3

========================================================================
Received Import Request.
  Time since last request: 54.008925 seconds.
  path: Assets/Art/Tilesets/Hall 1 Presente - Fondo.svg
  artifactKey: Guid(8951a6652cde3de43b7025daa90f54b7) Importer(815301076,1909f56bfc062723c751e8b465ee728b)
Start importing Assets/Art/Tilesets/Hall 1 Presente - Fondo.svg using Guid(8951a6652cde3de43b7025daa90f54b7) Importer(815301076,1909f56bfc062723c751e8b465ee728b) (PreviewImporter) -> (artifact id: 'ab0b7684208527c98fa5e62d937038ff') in 0.0119957 seconds
Number of updated asset objects reloaded before import = 0Number of asset objects unloaded after import = 3

========================================================================
Received Import Request.
  Time since last request: 52.385752 seconds.
  path: Assets/Art/Tilesets/Hall 1 Presente - Fondo.svg
  artifactKey: Guid(8951a6652cde3de43b7025daa90f54b7) Importer(815301076,1909f56bfc062723c751e8b465ee728b)
Start importing Assets/Art/Tilesets/Hall 1 Presente - Fondo.svg using Guid(8951a6652cde3de43b7025daa90f54b7) Importer(815301076,1909f56bfc062723c751e8b465ee728b) (PreviewImporter) -> (artifact id: 'd4ff4ca241ace174b4d2064d88db5057') in 0.0157816 seconds
Number of updated asset objects reloaded before import = 0Number of asset objects unloaded after import = 3

========================================================================
Received Import Request.
  Time since last request: 15.619251 seconds.
  path: Assets/Art/Tilesets/Hall 1 Presente - Fondo.svg
  artifactKey: Guid(8951a6652cde3de43b7025daa90f54b7) Importer(815301076,1909f56bfc062723c751e8b465ee728b)
Start importing Assets/Art/Tilesets/Hall 1 Presente - Fondo.svg using Guid(8951a6652cde3de43b7025daa90f54b7) Importer(815301076,1909f56bfc062723c751e8b465ee728b) (PreviewImporter) -> (artifact id: 'ad17e2429a67ce8e83cbdf29335623f8') in 0.0174074 seconds
Number of updated asset objects reloaded before import = 0Number of asset objects unloaded after import = 3

========================================================================
Received Import Request.
  Time since last request: 5.062843 seconds.
  path: Assets/Art/Tilesets/Hall 1 Presente - Fondo.svg
  artifactKey: Guid(8951a6652cde3de43b7025daa90f54b7) Importer(815301076,1909f56bfc062723c751e8b465ee728b)
Start importing Assets/Art/Tilesets/Hall 1 Presente - Fondo.svg using Guid(8951a6652cde3de43b7025daa90f54b7) Importer(815301076,1909f56bfc062723c751e8b465ee728b) (PreviewImporter) -> (artifact id: '37e0108cc87451b1885de7997d3e2580') in 0.0153601 seconds
Number of updated asset objects reloaded before import = 0Number of asset objects unloaded after import = 3

========================================================================
Received Import Request.
  Time since last request: 5.563341 seconds.
  path: Assets/Art/Tilesets/Hall 1 Presente - Fondo.svg
  artifactKey: Guid(8951a6652cde3de43b7025daa90f54b7) Importer(815301076,1909f56bfc062723c751e8b465ee728b)
Start importing Assets/Art/Tilesets/Hall 1 Presente - Fondo.svg using Guid(8951a6652cde3de43b7025daa90f54b7) Importer(815301076,1909f56bfc062723c751e8b465ee728b) (PreviewImporter) -> (artifact id: '3cf8dd6b9d75f09ed42350758c875d13') in 1.0109361 seconds
Number of updated asset objects reloaded before import = 0Number of asset objects unloaded after import = 3

========================================================================
Received Import Request.
  Time since last request: 5.713651 seconds.
  path: Assets/Art/Tilesets/Hall 1 Presente - Fondo.svg
  artifactKey: Guid(8951a6652cde3de43b7025daa90f54b7) Importer(815301076,1909f56bfc062723c751e8b465ee728b)
Start importing Assets/Art/Tilesets/Hall 1 Presente - Fondo.svg using Guid(8951a6652cde3de43b7025daa90f54b7) Importer(815301076,1909f56bfc062723c751e8b465ee728b) (PreviewImporter) -> (artifact id: 'd2665488070db22d85871ff390d0e99a') in 0.0111176 seconds
Number of updated asset objects reloaded before import = 0Number of asset objects unloaded after import = 3

========================================================================
Received Import Request.
  Time since last request: 18.042620 seconds.
  path: Assets/Art/Tilesets/Hall 1 Presente - Fondo.svg
  artifactKey: Guid(8951a6652cde3de43b7025daa90f54b7) Importer(815301076,1909f56bfc062723c751e8b465ee728b)
Start importing Assets/Art/Tilesets/Hall 1 Presente - Fondo.svg using Guid(8951a6652cde3de43b7025daa90f54b7) Importer(815301076,1909f56bfc062723c751e8b465ee728b) (PreviewImporter) -> (artifact id: '169607f7678ecf89a41c6aa90b5466b1') in 0.0223481 seconds
Number of updated asset objects reloaded before import = 0Number of asset objects unloaded after import = 3

========================================================================
Received Import Request.
  Time since last request: 34.342021 seconds.
  path: Assets/Art/Tilesets/Hall 2 Presente - FONDO.svg
  artifactKey: Guid(d17f1eaa8dd6e7d4192e3be1797942ad) Importer(815301076,1909f56bfc062723c751e8b465ee728b)
Start importing Assets/Art/Tilesets/Hall 2 Presente - FONDO.svg using Guid(d17f1eaa8dd6e7d4192e3be1797942ad) Importer(815301076,1909f56bfc062723c751e8b465ee728b) (PreviewImporter) -> (artifact id: 'a8e5ee68e25bf059c39e1785898421a2') in 0.0115943 seconds
Number of updated asset objects reloaded before import = 0Number of asset objects unloaded after import = 3

========================================================================
Received Import Request.
  Time since last request: 88.187958 seconds.
  path: Assets/Art/Tilesets/Hall 2 Presente - FONDO.svg
  artifactKey: Guid(d17f1eaa8dd6e7d4192e3be1797942ad) Importer(815301076,1909f56bfc062723c751e8b465ee728b)
Start importing Assets/Art/Tilesets/Hall 2 Presente - FONDO.svg using Guid(d17f1eaa8dd6e7d4192e3be1797942ad) Importer(815301076,1909f56bfc062723c751e8b465ee728b) (PreviewImporter) -> (artifact id: '6e7d43eec7c2e6854bf629f5dd962d52') in 0.0171739 seconds
Number of updated asset objects reloaded before import = 0Number of asset objects unloaded after import = 3

========================================================================
Received Import Request.
  Time since last request: 36.854386 seconds.
  path: Assets/Art/Tilesets/Hall 2 Presente - FONDO.svg
  artifactKey: Guid(d17f1eaa8dd6e7d4192e3be1797942ad) Importer(815301076,1909f56bfc062723c751e8b465ee728b)
Start importing Assets/Art/Tilesets/Hall 2 Presente - FONDO.svg using Guid(d17f1eaa8dd6e7d4192e3be1797942ad) Importer(815301076,1909f56bfc062723c751e8b465ee728b) (PreviewImporter) -> (artifact id: '4d8505022d02796336064e6456bb21d2') in 1.0120638 seconds
Number of updated asset objects reloaded before import = 0Number of asset objects unloaded after import = 3

========================================================================
Received Import Request.
  Time since last request: 5.728435 seconds.
  path: Assets/Art/Tilesets/Hall 2 Presente - FONDO.svg
  artifactKey: Guid(d17f1eaa8dd6e7d4192e3be1797942ad) Importer(815301076,1909f56bfc062723c751e8b465ee728b)
Start importing Assets/Art/Tilesets/Hall 2 Presente - FONDO.svg using Guid(d17f1eaa8dd6e7d4192e3be1797942ad) Importer(815301076,1909f56bfc062723c751e8b465ee728b) (PreviewImporter) -> (artifact id: '376639eff4a405adb8589ebbca28ba70') in 0.0087339 seconds
Number of updated asset objects reloaded before import = 0Number of asset objects unloaded after import = 3

========================================================================
Received Import Request.
  Time since last request: 49.248760 seconds.
  path: Assets/Art/Tilesets/Hall 4 Presente.svg
  artifactKey: Guid(018797f3f70b2b148a2459f9fa6782c3) Importer(815301076,1909f56bfc062723c751e8b465ee728b)
Start importing Assets/Art/Tilesets/Hall 4 Presente.svg using Guid(018797f3f70b2b148a2459f9fa6782c3) Importer(815301076,1909f56bfc062723c751e8b465ee728b) (PreviewImporter) -> (artifact id: 'a34bd1c9eaabba1826210710f79607b5') in 0.0118891 seconds
Number of updated asset objects reloaded before import = 0Number of asset objects unloaded after import = 3

========================================================================
Received Import Request.
  Time since last request: 38.536971 seconds.
  path: Assets/Art/Tilesets/Hall 3 Presente - FONDO.svg
  artifactKey: Guid(9670bd75b9f4cdc4eaa671b99ca3b42d) Importer(815301076,1909f56bfc062723c751e8b465ee728b)
Start importing Assets/Art/Tilesets/Hall 3 Presente - FONDO.svg using Guid(9670bd75b9f4cdc4eaa671b99ca3b42d) Importer(815301076,1909f56bfc062723c751e8b465ee728b) (PreviewImporter) -> (artifact id: '87d7070f1e34b52dddfe314c1697d147') in 0.0148614 seconds
Number of updated asset objects reloaded before import = 0Number of asset objects unloaded after import = 3

========================================================================
Received Import Request.
  Time since last request: 33.611546 seconds.
  path: Assets/Art/Tilesets/Hall 3 Presente - FONDO.svg
  artifactKey: Guid(9670bd75b9f4cdc4eaa671b99ca3b42d) Importer(815301076,1909f56bfc062723c751e8b465ee728b)
Start importing Assets/Art/Tilesets/Hall 3 Presente - FONDO.svg using Guid(9670bd75b9f4cdc4eaa671b99ca3b42d) Importer(815301076,1909f56bfc062723c751e8b465ee728b) (PreviewImporter) -> (artifact id: 'b87e0f0ff78991011c3ea37c6752fe41') in 0.0139342 seconds
Number of updated asset objects reloaded before import = 0Number of asset objects unloaded after import = 3

========================================================================
Received Prepare
Assembly reference Packages/com.unity.cinemachine/Editor/Samples/ExposeHDRPInternals/HDRP-Editor-ref.asmref has no target assembly definition
Assembly reference Packages/com.unity.cinemachine/Editor/Samples/ExposeHDRPInternals/HDRP-Editor-ref.asmref has no target assembly definition
Begin MonoManager ReloadAssembly
- Loaded All Assemblies, in  0.823 seconds
Assembly reference Packages/com.unity.cinemachine/Editor/Samples/ExposeHDRPInternals/HDRP-Editor-ref.asmref has no target assembly definition
'Packages/com.unity.cinemachine/Editor/Obsolete/CinemachineVirtualCameraBaseEditor.cs' contains partial class of Unity.Object, exactly 1 of the partial classes needs to be in a file with the same filename. This is to know the one that can be referenced from ie. GameObjects
'Packages/com.unity.cinemachine/Editor/Editors/CinemachineVirtualCameraBaseEditor.cs' contains partial class of Unity.Object, exactly 1 of the partial classes needs to be in a file with the same filename. This is to know the one that can be referenced from ie. GameObjects
Refreshing native plugins compatible for Editor in 1.30 ms, found 4 plugins.
Native extension for UWP target not found
Native extension for WindowsStandalone target not found
Native extension for WebGL target not found
Assembly reference Packages/com.unity.cinemachine/Editor/Samples/ExposeHDRPInternals/HDRP-Editor-ref.asmref has no target assembly definition
[Package Manager] Failed to launch server process. Reason: Unity was launched with the -noUpm command-line argument
[Package Manager] Unable to send message (not connected to server process).
[Package Manager] Cannot connect to Unity Package Manager local server
Mono: successfully reloaded assembly
- Finished resetting the current domain, in  0.964 seconds
Domain Reload Profiling: 1787ms
	BeginReloadAssembly (220ms)
		ExecutionOrderSort (0ms)
		DisableScriptedObjects (14ms)
		BackupInstance (0ms)
		ReleaseScriptingObjects (0ms)
		CreateAndSetChildDomain (58ms)
	RebuildCommonClasses (34ms)
	RebuildNativeTypeToScriptingClass (13ms)
	initialDomainReloadingComplete (28ms)
	LoadAllAssembliesAndSetupDomain (528ms)
		LoadAssemblies (389ms)
		RebuildTransferFunctionScriptingTraits (0ms)
		AnalyzeDomain (242ms)
			TypeCache.Refresh (11ms)
				TypeCache.ScanAssembly (0ms)
			BuildScriptInfoCaches (214ms)
			ResolveRequiredComponents (13ms)
	FinalizeReload (964ms)
		ReleaseScriptCaches (0ms)
		RebuildScriptCaches (0ms)
		SetupLoadedEditorAssemblies (666ms)
			LogAssemblyErrors (0ms)
			InitializePlatformSupportModulesInManaged (3ms)
			SetLoadedEditorAssemblies (3ms)
			BeforeProcessingInitializeOnLoad (79ms)
			ProcessInitializeOnLoadAttributes (507ms)
			ProcessInitializeOnLoadMethodAttributes (63ms)
			AfterProcessingInitializeOnLoad (10ms)
			EditorAssembliesLoaded (0ms)
		ExecutionOrderSort2 (0ms)
		AwakeInstancesAfterBackupRestoration (17ms)
Refreshing native plugins compatible for Editor in 1.66 ms, found 4 plugins.
Preloading 0 native plugins for Editor in 0.00 ms.
Unloading 26 Unused Serialized files (Serialized files now loaded: 0)
Unloading 7698 unused Assets / (5.5 MB). Loaded Objects now: 8677.
Memory consumption went from 188.1 MB to 182.6 MB.
Total: 16.291400 ms (FindLiveObjects: 1.153900 ms CreateObjectMapping: 1.666100 ms MarkObjects: 7.935900 ms  DeleteObjects: 5.534200 ms)

Prepare: number of updated asset objects reloaded= 0
========================================================================
Received Prepare
Assembly reference Packages/com.unity.cinemachine/Editor/Samples/ExposeHDRPInternals/HDRP-Editor-ref.asmref has no target assembly definition
Assembly reference Packages/com.unity.cinemachine/Editor/Samples/ExposeHDRPInternals/HDRP-Editor-ref.asmref has no target assembly definition
Begin MonoManager ReloadAssembly
- Loaded All Assemblies, in  0.790 seconds
Assembly reference Packages/com.unity.cinemachine/Editor/Samples/ExposeHDRPInternals/HDRP-Editor-ref.asmref has no target assembly definition
'Packages/com.unity.cinemachine/Editor/Obsolete/CinemachineVirtualCameraBaseEditor.cs' contains partial class of Unity.Object, exactly 1 of the partial classes needs to be in a file with the same filename. This is to know the one that can be referenced from ie. GameObjects
'Packages/com.unity.cinemachine/Editor/Editors/CinemachineVirtualCameraBaseEditor.cs' contains partial class of Unity.Object, exactly 1 of the partial classes needs to be in a file with the same filename. This is to know the one that can be referenced from ie. GameObjects
Refreshing native plugins compatible for Editor in 1.29 ms, found 4 plugins.
Native extension for UWP target not found
Native extension for WindowsStandalone target not found
Native extension for WebGL target not found
Assembly reference Packages/com.unity.cinemachine/Editor/Samples/ExposeHDRPInternals/HDRP-Editor-ref.asmref has no target assembly definition
[Package Manager] Failed to launch server process. Reason: Unity was launched with the -noUpm command-line argument
[Package Manager] Unable to send message (not connected to server process).
[Package Manager] Cannot connect to Unity Package Manager local server
Mono: successfully reloaded assembly
- Finished resetting the current domain, in  0.962 seconds
Domain Reload Profiling: 1751ms
	BeginReloadAssembly (220ms)
		ExecutionOrderSort (0ms)
		DisableScriptedObjects (13ms)
		BackupInstance (0ms)
		ReleaseScriptingObjects (0ms)
		CreateAndSetChildDomain (54ms)
	RebuildCommonClasses (33ms)
	RebuildNativeTypeToScriptingClass (13ms)
	initialDomainReloadingComplete (30ms)
	LoadAllAssembliesAndSetupDomain (493ms)
		LoadAssemblies (368ms)
		RebuildTransferFunctionScriptingTraits (0ms)
		AnalyzeDomain (231ms)
			TypeCache.Refresh (9ms)
				TypeCache.ScanAssembly (0ms)
			BuildScriptInfoCaches (205ms)
			ResolveRequiredComponents (13ms)
	FinalizeReload (962ms)
		ReleaseScriptCaches (0ms)
		RebuildScriptCaches (0ms)
		SetupLoadedEditorAssemblies (661ms)
			LogAssemblyErrors (0ms)
			InitializePlatformSupportModulesInManaged (3ms)
			SetLoadedEditorAssemblies (3ms)
			BeforeProcessingInitializeOnLoad (78ms)
			ProcessInitializeOnLoadAttributes (497ms)
			ProcessInitializeOnLoadMethodAttributes (69ms)
			AfterProcessingInitializeOnLoad (10ms)
			EditorAssembliesLoaded (0ms)
		ExecutionOrderSort2 (0ms)
		AwakeInstancesAfterBackupRestoration (18ms)
Refreshing native plugins compatible for Editor in 1.79 ms, found 4 plugins.
Preloading 0 native plugins for Editor in 0.00 ms.
Unloading 26 Unused Serialized files (Serialized files now loaded: 0)
Unloading 7698 unused Assets / (5.8 MB). Loaded Objects now: 8682.
Memory consumption went from 188.1 MB to 182.3 MB.
Total: 14.118800 ms (FindLiveObjects: 2.408000 ms CreateObjectMapping: 1.983300 ms MarkObjects: 5.904400 ms  DeleteObjects: 3.821700 ms)

Prepare: number of updated asset objects reloaded= 0
========================================================================
Received Prepare
Assembly reference Packages/com.unity.cinemachine/Editor/Samples/ExposeHDRPInternals/HDRP-Editor-ref.asmref has no target assembly definition
Assembly reference Packages/com.unity.cinemachine/Editor/Samples/ExposeHDRPInternals/HDRP-Editor-ref.asmref has no target assembly definition
Begin MonoManager ReloadAssembly
- Loaded All Assemblies, in  0.809 seconds
Assembly reference Packages/com.unity.cinemachine/Editor/Samples/ExposeHDRPInternals/HDRP-Editor-ref.asmref has no target assembly definition
'Packages/com.unity.cinemachine/Editor/Obsolete/CinemachineVirtualCameraBaseEditor.cs' contains partial class of Unity.Object, exactly 1 of the partial classes needs to be in a file with the same filename. This is to know the one that can be referenced from ie. GameObjects
'Packages/com.unity.cinemachine/Editor/Editors/CinemachineVirtualCameraBaseEditor.cs' contains partial class of Unity.Object, exactly 1 of the partial classes needs to be in a file with the same filename. This is to know the one that can be referenced from ie. GameObjects
Refreshing native plugins compatible for Editor in 1.37 ms, found 4 plugins.
Native extension for UWP target not found
Native extension for WindowsStandalone target not found
Native extension for WebGL target not found
Assembly reference Packages/com.unity.cinemachine/Editor/Samples/ExposeHDRPInternals/HDRP-Editor-ref.asmref has no target assembly definition
[Package Manager] Failed to launch server process. Reason: Unity was launched with the -noUpm command-line argument
[Package Manager] Unable to send message (not connected to server process).
[Package Manager] Cannot connect to Unity Package Manager local server
Mono: successfully reloaded assembly
- Finished resetting the current domain, in  0.959 seconds
Domain Reload Profiling: 1768ms
	BeginReloadAssembly (215ms)
		ExecutionOrderSort (0ms)
		DisableScriptedObjects (13ms)
		BackupInstance (0ms)
		ReleaseScriptingObjects (0ms)
		CreateAndSetChildDomain (51ms)
	RebuildCommonClasses (34ms)
	RebuildNativeTypeToScriptingClass (13ms)
	initialDomainReloadingComplete (30ms)
	LoadAllAssembliesAndSetupDomain (517ms)
		LoadAssemblies (384ms)
		RebuildTransferFunctionScriptingTraits (0ms)
		AnalyzeDomain (238ms)
			TypeCache.Refresh (11ms)
				TypeCache.ScanAssembly (0ms)
			BuildScriptInfoCaches (210ms)
			ResolveRequiredComponents (13ms)
	FinalizeReload (959ms)
		ReleaseScriptCaches (0ms)
		RebuildScriptCaches (0ms)
		SetupLoadedEditorAssemblies (661ms)
			LogAssemblyErrors (0ms)
			InitializePlatformSupportModulesInManaged (3ms)
			SetLoadedEditorAssemblies (3ms)
			BeforeProcessingInitializeOnLoad (81ms)
			ProcessInitializeOnLoadAttributes (501ms)
			ProcessInitializeOnLoadMethodAttributes (62ms)
			AfterProcessingInitializeOnLoad (10ms)
			EditorAssembliesLoaded (0ms)
		ExecutionOrderSort2 (0ms)
		AwakeInstancesAfterBackupRestoration (17ms)
Refreshing native plugins compatible for Editor in 2.54 ms, found 4 plugins.
Preloading 0 native plugins for Editor in 0.00 ms.
Unloading 26 Unused Serialized files (Serialized files now loaded: 0)
Unloading 7698 unused Assets / (5.7 MB). Loaded Objects now: 8687.
Memory consumption went from 188.1 MB to 182.4 MB.
Total: 13.608300 ms (FindLiveObjects: 1.165500 ms CreateObjectMapping: 1.659600 ms MarkObjects: 6.918100 ms  DeleteObjects: 3.863800 ms)

Prepare: number of updated asset objects reloaded= 0
========================================================================
Received Import Request.
  Time since last request: 373.772706 seconds.
  path: Assets/Scenes/Presente.unity
  artifactKey: Guid(7b408adee6119b541a4eaf9ad78baaba) Importer(815301076,1909f56bfc062723c751e8b465ee728b)
Start importing Assets/Scenes/Presente.unity using Guid(7b408adee6119b541a4eaf9ad78baaba) Importer(815301076,1909f56bfc062723c751e8b465ee728b) (PreviewImporter) -> (artifact id: '971619d5c023918b737afba5b3d2121b') in 0.0027786 seconds
Number of updated asset objects reloaded before import = 0Number of asset objects unloaded after import = 0

========================================================================
Received Prepare
Assembly reference Packages/com.unity.cinemachine/Editor/Samples/ExposeHDRPInternals/HDRP-Editor-ref.asmref has no target assembly definition
Assembly reference Packages/com.unity.cinemachine/Editor/Samples/ExposeHDRPInternals/HDRP-Editor-ref.asmref has no target assembly definition
Begin MonoManager ReloadAssembly
- Loaded All Assemblies, in  0.812 seconds
Assembly reference Packages/com.unity.cinemachine/Editor/Samples/ExposeHDRPInternals/HDRP-Editor-ref.asmref has no target assembly definition
'Packages/com.unity.cinemachine/Editor/Obsolete/CinemachineVirtualCameraBaseEditor.cs' contains partial class of Unity.Object, exactly 1 of the partial classes needs to be in a file with the same filename. This is to know the one that can be referenced from ie. GameObjects
'Packages/com.unity.cinemachine/Editor/Editors/CinemachineVirtualCameraBaseEditor.cs' contains partial class of Unity.Object, exactly 1 of the partial classes needs to be in a file with the same filename. This is to know the one that can be referenced from ie. GameObjects
Refreshing native plugins compatible for Editor in 1.30 ms, found 4 plugins.
Native extension for UWP target not found
Native extension for WindowsStandalone target not found
Native extension for WebGL target not found
Assembly reference Packages/com.unity.cinemachine/Editor/Samples/ExposeHDRPInternals/HDRP-Editor-ref.asmref has no target assembly definition
[Package Manager] Failed to launch server process. Reason: Unity was launched with the -noUpm command-line argument
[Package Manager] Unable to send message (not connected to server process).
[Package Manager] Cannot connect to Unity Package Manager local server
Mono: successfully reloaded assembly
- Finished resetting the current domain, in  0.955 seconds
Domain Reload Profiling: 1767ms
	BeginReloadAssembly (220ms)
		ExecutionOrderSort (0ms)
		DisableScriptedObjects (14ms)
		BackupInstance (0ms)
		ReleaseScriptingObjects (0ms)
		CreateAndSetChildDomain (55ms)
	RebuildCommonClasses (33ms)
	RebuildNativeTypeToScriptingClass (13ms)
	initialDomainReloadingComplete (29ms)
	LoadAllAssembliesAndSetupDomain (517ms)
		LoadAssemblies (387ms)
		RebuildTransferFunctionScriptingTraits (0ms)
		AnalyzeDomain (234ms)
			TypeCache.Refresh (10ms)
				TypeCache.ScanAssembly (0ms)
			BuildScriptInfoCaches (208ms)
			ResolveRequiredComponents (13ms)
	FinalizeReload (955ms)
		ReleaseScriptCaches (0ms)
		RebuildScriptCaches (0ms)
		SetupLoadedEditorAssemblies (659ms)
			LogAssemblyErrors (0ms)
			InitializePlatformSupportModulesInManaged (3ms)
			SetLoadedEditorAssemblies (3ms)
			BeforeProcessingInitializeOnLoad (79ms)
			ProcessInitializeOnLoadAttributes (502ms)
			ProcessInitializeOnLoadMethodAttributes (62ms)
			AfterProcessingInitializeOnLoad (10ms)
			EditorAssembliesLoaded (0ms)
		ExecutionOrderSort2 (0ms)
		AwakeInstancesAfterBackupRestoration (17ms)
Refreshing native plugins compatible for Editor in 1.57 ms, found 4 plugins.
Preloading 0 native plugins for Editor in 0.00 ms.
Unloading 26 Unused Serialized files (Serialized files now loaded: 0)
Unloading 7698 unused Assets / (6.4 MB). Loaded Objects now: 8692.
Memory consumption went from 188.1 MB to 181.7 MB.
Total: 16.513300 ms (FindLiveObjects: 1.357100 ms CreateObjectMapping: 2.025000 ms MarkObjects: 7.507700 ms  DeleteObjects: 5.622100 ms)

Prepare: number of updated asset objects reloaded= 0
========================================================================
Received Prepare
Assembly reference Packages/com.unity.cinemachine/Editor/Samples/ExposeHDRPInternals/HDRP-Editor-ref.asmref has no target assembly definition
Assembly reference Packages/com.unity.cinemachine/Editor/Samples/ExposeHDRPInternals/HDRP-Editor-ref.asmref has no target assembly definition
Begin MonoManager ReloadAssembly
- Loaded All Assemblies, in  0.803 seconds
Assembly reference Packages/com.unity.cinemachine/Editor/Samples/ExposeHDRPInternals/HDRP-Editor-ref.asmref has no target assembly definition
'Packages/com.unity.cinemachine/Editor/Obsolete/CinemachineVirtualCameraBaseEditor.cs' contains partial class of Unity.Object, exactly 1 of the partial classes needs to be in a file with the same filename. This is to know the one that can be referenced from ie. GameObjects
'Packages/com.unity.cinemachine/Editor/Editors/CinemachineVirtualCameraBaseEditor.cs' contains partial class of Unity.Object, exactly 1 of the partial classes needs to be in a file with the same filename. This is to know the one that can be referenced from ie. GameObjects
Refreshing native plugins compatible for Editor in 1.26 ms, found 4 plugins.
Native extension for UWP target not found
Native extension for WindowsStandalone target not found
Native extension for WebGL target not found
Assembly reference Packages/com.unity.cinemachine/Editor/Samples/ExposeHDRPInternals/HDRP-Editor-ref.asmref has no target assembly definition
[Package Manager] Failed to launch server process. Reason: Unity was launched with the -noUpm command-line argument
[Package Manager] Unable to send message (not connected to server process).
[Package Manager] Cannot connect to Unity Package Manager local server
Mono: successfully reloaded assembly
- Finished resetting the current domain, in  0.956 seconds
Domain Reload Profiling: 1759ms
	BeginReloadAssembly (216ms)
		ExecutionOrderSort (0ms)
		DisableScriptedObjects (13ms)
		BackupInstance (0ms)
		ReleaseScriptingObjects (0ms)
		CreateAndSetChildDomain (52ms)
	RebuildCommonClasses (34ms)
	RebuildNativeTypeToScriptingClass (13ms)
	initialDomainReloadingComplete (29ms)
	LoadAllAssembliesAndSetupDomain (511ms)
		LoadAssemblies (377ms)
		RebuildTransferFunctionScriptingTraits (0ms)
		AnalyzeDomain (238ms)
			TypeCache.Refresh (10ms)
				TypeCache.ScanAssembly (0ms)
			BuildScriptInfoCaches (207ms)
			ResolveRequiredComponents (18ms)
	FinalizeReload (957ms)
		ReleaseScriptCaches (0ms)
		RebuildScriptCaches (0ms)
		SetupLoadedEditorAssemblies (658ms)
			LogAssemblyErrors (0ms)
			InitializePlatformSupportModulesInManaged (3ms)
			SetLoadedEditorAssemblies (3ms)
			BeforeProcessingInitializeOnLoad (79ms)
			ProcessInitializeOnLoadAttributes (498ms)
			ProcessInitializeOnLoadMethodAttributes (64ms)
			AfterProcessingInitializeOnLoad (10ms)
			EditorAssembliesLoaded (0ms)
		ExecutionOrderSort2 (0ms)
		AwakeInstancesAfterBackupRestoration (16ms)
Refreshing native plugins compatible for Editor in 1.76 ms, found 4 plugins.
Preloading 0 native plugins for Editor in 0.00 ms.
Unloading 26 Unused Serialized files (Serialized files now loaded: 0)
Unloading 7698 unused Assets / (5.7 MB). Loaded Objects now: 8697.
Memory consumption went from 188.1 MB to 182.4 MB.
Total: 18.670700 ms (FindLiveObjects: 1.496200 ms CreateObjectMapping: 2.266600 ms MarkObjects: 9.544900 ms  DeleteObjects: 5.361600 ms)

Prepare: number of updated asset objects reloaded= 0
